{"C:\\Users\\Atharva Nair\\subzero\\backend\\controllers\\BudgetController.js": {"path":"C:\\Users\\Atharva Nair\\subzero\\backend\\controllers\\BudgetController.js","statementMap":{"0":{"start":{"line":1,"column":22},"end":{"line":1,"column":58}},"1":{"start":{"line":5,"column":4},"end":{"line":10,"column":5}},"2":{"start":{"line":6,"column":22},"end":{"line":6,"column":71}},"3":{"start":{"line":7,"column":6},"end":{"line":7,"column":24}},"4":{"start":{"line":9,"column":6},"end":{"line":9,"column":69}},"5":{"start":{"line":14,"column":4},"end":{"line":19,"column":5}},"6":{"start":{"line":15,"column":21},"end":{"line":15,"column":63}},"7":{"start":{"line":16,"column":6},"end":{"line":16,"column":42}},"8":{"start":{"line":18,"column":6},"end":{"line":18,"column":69}},"9":{"start":{"line":23,"column":0},"end":{"line":23,"column":34}}},"fnMap":{"0":{"name":"(anonymous_0)","decl":{"start":{"line":4,"column":2},"end":{"line":4,"column":3}},"loc":{"start":{"line":4,"column":30},"end":{"line":11,"column":3}},"line":4},"1":{"name":"(anonymous_1)","decl":{"start":{"line":13,"column":2},"end":{"line":13,"column":3}},"loc":{"start":{"line":13,"column":32},"end":{"line":20,"column":3}},"line":13}},"branchMap":{},"s":{"0":0,"1":0,"2":0,"3":0,"4":0,"5":0,"6":0,"7":0,"8":0,"9":0},"f":{"0":0,"1":0},"b":{}}
,"C:\\Users\\Atharva Nair\\subzero\\backend\\controllers\\CashFlowController.js": {"path":"C:\\Users\\Atharva Nair\\subzero\\backend\\controllers\\CashFlowController.js","statementMap":{"0":{"start":{"line":1,"column":24},"end":{"line":1,"column":62}},"1":{"start":{"line":5,"column":4},"end":{"line":10,"column":5}},"2":{"start":{"line":6,"column":22},"end":{"line":6,"column":72}},"3":{"start":{"line":7,"column":6},"end":{"line":7,"column":46}},"4":{"start":{"line":9,"column":6},"end":{"line":9,"column":69}},"5":{"start":{"line":14,"column":4},"end":{"line":30,"column":5}},"6":{"start":{"line":15,"column":21},"end":{"line":15,"column":65}},"7":{"start":{"line":17,"column":6},"end":{"line":19,"column":7}},"8":{"start":{"line":18,"column":9},"end":{"line":18,"column":69}},"9":{"start":{"line":21,"column":6},"end":{"line":21,"column":55}},"10":{"start":{"line":23,"column":6},"end":{"line":25,"column":7}},"11":{"start":{"line":24,"column":9},"end":{"line":24,"column":63}},"12":{"start":{"line":26,"column":6},"end":{"line":28,"column":7}},"13":{"start":{"line":27,"column":9},"end":{"line":27,"column":79}},"14":{"start":{"line":29,"column":6},"end":{"line":29,"column":69}},"15":{"start":{"line":34,"column":0},"end":{"line":34,"column":36}}},"fnMap":{"0":{"name":"(anonymous_0)","decl":{"start":{"line":4,"column":2},"end":{"line":4,"column":3}},"loc":{"start":{"line":4,"column":36},"end":{"line":11,"column":3}},"line":4},"1":{"name":"(anonymous_1)","decl":{"start":{"line":13,"column":2},"end":{"line":13,"column":3}},"loc":{"start":{"line":13,"column":38},"end":{"line":31,"column":3}},"line":13}},"branchMap":{"0":{"loc":{"start":{"line":17,"column":6},"end":{"line":19,"column":7}},"type":"if","locations":[{"start":{"line":17,"column":6},"end":{"line":19,"column":7}},{"start":{},"end":{}}],"line":17},"1":{"loc":{"start":{"line":23,"column":6},"end":{"line":25,"column":7}},"type":"if","locations":[{"start":{"line":23,"column":6},"end":{"line":25,"column":7}},{"start":{},"end":{}}],"line":23},"2":{"loc":{"start":{"line":26,"column":6},"end":{"line":28,"column":7}},"type":"if","locations":[{"start":{"line":26,"column":6},"end":{"line":28,"column":7}},{"start":{},"end":{}}],"line":26}},"s":{"0":0,"1":0,"2":0,"3":0,"4":0,"5":0,"6":0,"7":0,"8":0,"9":0,"10":0,"11":0,"12":0,"13":0,"14":0,"15":0},"f":{"0":0,"1":0},"b":{"0":[0,0],"1":[0,0],"2":[0,0]}}
,"C:\\Users\\Atharva Nair\\subzero\\backend\\controllers\\ChatController.js": {"path":"C:\\Users\\Atharva Nair\\subzero\\backend\\controllers\\ChatController.js","statementMap":{"0":{"start":{"line":1,"column":20},"end":{"line":1,"column":54}},"1":{"start":{"line":5,"column":4},"end":{"line":10,"column":5}},"2":{"start":{"line":6,"column":20},"end":{"line":6,"column":60}},"3":{"start":{"line":7,"column":6},"end":{"line":7,"column":26}},"4":{"start":{"line":9,"column":6},"end":{"line":9,"column":51}},"5":{"start":{"line":14,"column":0},"end":{"line":14,"column":32}}},"fnMap":{"0":{"name":"(anonymous_0)","decl":{"start":{"line":4,"column":2},"end":{"line":4,"column":3}},"loc":{"start":{"line":4,"column":30},"end":{"line":11,"column":3}},"line":4}},"branchMap":{},"s":{"0":0,"1":0,"2":0,"3":0,"4":0,"5":0},"f":{"0":0},"b":{}}
,"C:\\Users\\Atharva Nair\\subzero\\backend\\controllers\\DashboardController.js": {"path":"C:\\Users\\Atharva Nair\\subzero\\backend\\controllers\\DashboardController.js","statementMap":{"0":{"start":{"line":1,"column":25},"end":{"line":1,"column":64}},"1":{"start":{"line":5,"column":4},"end":{"line":10,"column":5}},"2":{"start":{"line":6,"column":20},"end":{"line":6,"column":69}},"3":{"start":{"line":7,"column":6},"end":{"line":7,"column":22}},"4":{"start":{"line":9,"column":6},"end":{"line":9,"column":69}},"5":{"start":{"line":14,"column":0},"end":{"line":14,"column":37}}},"fnMap":{"0":{"name":"(anonymous_0)","decl":{"start":{"line":4,"column":2},"end":{"line":4,"column":3}},"loc":{"start":{"line":4,"column":34},"end":{"line":11,"column":3}},"line":4}},"branchMap":{},"s":{"0":0,"1":0,"2":0,"3":0,"4":0,"5":0},"f":{"0":0},"b":{}}
,"C:\\Users\\Atharva Nair\\subzero\\backend\\controllers\\GmailController.js": {"path":"C:\\Users\\Atharva Nair\\subzero\\backend\\controllers\\GmailController.js","statementMap":{"0":{"start":{"line":1,"column":25},"end":{"line":1,"column":64}},"1":{"start":{"line":5,"column":4},"end":{"line":16,"column":5}},"2":{"start":{"line":6,"column":21},"end":{"line":6,"column":71}},"3":{"start":{"line":7,"column":6},"end":{"line":7,"column":45}},"4":{"start":{"line":9,"column":6},"end":{"line":11,"column":7}},"5":{"start":{"line":10,"column":9},"end":{"line":10,"column":79}},"6":{"start":{"line":12,"column":6},"end":{"line":14,"column":7}},"7":{"start":{"line":13,"column":9},"end":{"line":13,"column":79}},"8":{"start":{"line":15,"column":6},"end":{"line":15,"column":69}},"9":{"start":{"line":20,"column":16},"end":{"line":20,"column":61}},"10":{"start":{"line":21,"column":4},"end":{"line":21,"column":44}},"11":{"start":{"line":22,"column":4},"end":{"line":22,"column":22}},"12":{"start":{"line":26,"column":54},"end":{"line":26,"column":63}},"13":{"start":{"line":27,"column":4},"end":{"line":27,"column":107}},"14":{"start":{"line":29,"column":4},"end":{"line":31,"column":5}},"15":{"start":{"line":30,"column":6},"end":{"line":30,"column":111}},"16":{"start":{"line":33,"column":4},"end":{"line":36,"column":5}},"17":{"start":{"line":34,"column":6},"end":{"line":34,"column":117}},"18":{"start":{"line":35,"column":6},"end":{"line":35,"column":122}},"19":{"start":{"line":38,"column":4},"end":{"line":48,"column":5}},"20":{"start":{"line":39,"column":6},"end":{"line":39,"column":56}},"21":{"start":{"line":41,"column":26},"end":{"line":41,"column":86}},"22":{"start":{"line":42,"column":26},"end":{"line":42,"column":53}},"23":{"start":{"line":43,"column":6},"end":{"line":43,"column":81}},"24":{"start":{"line":44,"column":6},"end":{"line":44,"column":32}},"25":{"start":{"line":46,"column":6},"end":{"line":46,"column":86}},"26":{"start":{"line":47,"column":6},"end":{"line":47,"column":52}},"27":{"start":{"line":52,"column":4},"end":{"line":73,"column":5}},"28":{"start":{"line":53,"column":21},"end":{"line":53,"column":59}},"29":{"start":{"line":55,"column":6},"end":{"line":57,"column":7}},"30":{"start":{"line":56,"column":8},"end":{"line":56,"column":84}},"31":{"start":{"line":59,"column":6},"end":{"line":59,"column":61}},"32":{"start":{"line":61,"column":6},"end":{"line":63,"column":7}},"33":{"start":{"line":62,"column":8},"end":{"line":62,"column":65}},"34":{"start":{"line":65,"column":6},"end":{"line":72,"column":7}},"35":{"start":{"line":66,"column":9},"end":{"line":66,"column":73}},"36":{"start":{"line":68,"column":9},"end":{"line":70,"column":10}},"37":{"start":{"line":69,"column":12},"end":{"line":69,"column":73}},"38":{"start":{"line":71,"column":9},"end":{"line":71,"column":70}},"39":{"start":{"line":77,"column":0},"end":{"line":77,"column":33}}},"fnMap":{"0":{"name":"(anonymous_0)","decl":{"start":{"line":4,"column":2},"end":{"line":4,"column":3}},"loc":{"start":{"line":4,"column":35},"end":{"line":17,"column":3}},"line":4},"1":{"name":"(anonymous_1)","decl":{"start":{"line":19,"column":2},"end":{"line":19,"column":3}},"loc":{"start":{"line":19,"column":30},"end":{"line":23,"column":3}},"line":19},"2":{"name":"(anonymous_2)","decl":{"start":{"line":25,"column":2},"end":{"line":25,"column":3}},"loc":{"start":{"line":25,"column":38},"end":{"line":49,"column":3}},"line":25},"3":{"name":"(anonymous_3)","decl":{"start":{"line":51,"column":2},"end":{"line":51,"column":3}},"loc":{"start":{"line":51,"column":30},"end":{"line":74,"column":3}},"line":51}},"branchMap":{"0":{"loc":{"start":{"line":9,"column":6},"end":{"line":11,"column":7}},"type":"if","locations":[{"start":{"line":9,"column":6},"end":{"line":11,"column":7}},{"start":{},"end":{}}],"line":9},"1":{"loc":{"start":{"line":12,"column":6},"end":{"line":14,"column":7}},"type":"if","locations":[{"start":{"line":12,"column":6},"end":{"line":14,"column":7}},{"start":{},"end":{}}],"line":12},"2":{"loc":{"start":{"line":27,"column":58},"end":{"line":27,"column":77}},"type":"cond-expr","locations":[{"start":{"line":27,"column":65},"end":{"line":27,"column":70}},{"start":{"line":27,"column":73},"end":{"line":27,"column":77}}],"line":27},"3":{"loc":{"start":{"line":29,"column":4},"end":{"line":31,"column":5}},"type":"if","locations":[{"start":{"line":29,"column":4},"end":{"line":31,"column":5}},{"start":{},"end":{}}],"line":29},"4":{"loc":{"start":{"line":29,"column":8},"end":{"line":29,"column":34}},"type":"binary-expr","locations":[{"start":{"line":29,"column":8},"end":{"line":29,"column":13}},{"start":{"line":29,"column":17},"end":{"line":29,"column":34}}],"line":29},"5":{"loc":{"start":{"line":33,"column":4},"end":{"line":36,"column":5}},"type":"if","locations":[{"start":{"line":33,"column":4},"end":{"line":36,"column":5}},{"start":{},"end":{}}],"line":33},"6":{"loc":{"start":{"line":35,"column":60},"end":{"line":35,"column":118}},"type":"binary-expr","locations":[{"start":{"line":35,"column":60},"end":{"line":35,"column":77}},{"start":{"line":35,"column":81},"end":{"line":35,"column":86}},{"start":{"line":35,"column":90},"end":{"line":35,"column":118}}],"line":35},"7":{"loc":{"start":{"line":41,"column":27},"end":{"line":41,"column":78}},"type":"binary-expr","locations":[{"start":{"line":41,"column":27},"end":{"line":41,"column":51}},{"start":{"line":41,"column":55},"end":{"line":41,"column":78}}],"line":41},"8":{"loc":{"start":{"line":55,"column":6},"end":{"line":57,"column":7}},"type":"if","locations":[{"start":{"line":55,"column":6},"end":{"line":57,"column":7}},{"start":{},"end":{}}],"line":55},"9":{"loc":{"start":{"line":61,"column":6},"end":{"line":63,"column":7}},"type":"if","locations":[{"start":{"line":61,"column":6},"end":{"line":63,"column":7}},{"start":{},"end":{}}],"line":61},"10":{"loc":{"start":{"line":68,"column":9},"end":{"line":70,"column":10}},"type":"if","locations":[{"start":{"line":68,"column":9},"end":{"line":70,"column":10}},{"start":{},"end":{}}],"line":68}},"s":{"0":0,"1":0,"2":0,"3":0,"4":0,"5":0,"6":0,"7":0,"8":0,"9":0,"10":0,"11":0,"12":0,"13":0,"14":0,"15":0,"16":0,"17":0,"18":0,"19":0,"20":0,"21":0,"22":0,"23":0,"24":0,"25":0,"26":0,"27":0,"28":0,"29":0,"30":0,"31":0,"32":0,"33":0,"34":0,"35":0,"36":0,"37":0,"38":0,"39":0},"f":{"0":0,"1":0,"2":0,"3":0},"b":{"0":[0,0],"1":[0,0],"2":[0,0],"3":[0,0],"4":[0,0],"5":[0,0],"6":[0,0,0],"7":[0,0],"8":[0,0],"9":[0,0],"10":[0,0]}}
,"C:\\Users\\Atharva Nair\\subzero\\backend\\controllers\\GoalController.js": {"path":"C:\\Users\\Atharva Nair\\subzero\\backend\\controllers\\GoalController.js","statementMap":{"0":{"start":{"line":1,"column":20},"end":{"line":1,"column":54}},"1":{"start":{"line":5,"column":4},"end":{"line":10,"column":5}},"2":{"start":{"line":6,"column":20},"end":{"line":6,"column":65}},"3":{"start":{"line":7,"column":6},"end":{"line":7,"column":22}},"4":{"start":{"line":9,"column":6},"end":{"line":9,"column":69}},"5":{"start":{"line":14,"column":4},"end":{"line":19,"column":5}},"6":{"start":{"line":15,"column":19},"end":{"line":15,"column":57}},"7":{"start":{"line":16,"column":6},"end":{"line":16,"column":40}},"8":{"start":{"line":18,"column":6},"end":{"line":18,"column":69}},"9":{"start":{"line":23,"column":4},"end":{"line":28,"column":5}},"10":{"start":{"line":24,"column":26},"end":{"line":24,"column":77}},"11":{"start":{"line":25,"column":6},"end":{"line":25,"column":28}},"12":{"start":{"line":27,"column":6},"end":{"line":27,"column":69}},"13":{"start":{"line":32,"column":4},"end":{"line":43,"column":5}},"14":{"start":{"line":33,"column":25},"end":{"line":33,"column":69}},"15":{"start":{"line":34,"column":6},"end":{"line":34,"column":46}},"16":{"start":{"line":36,"column":6},"end":{"line":38,"column":7}},"17":{"start":{"line":37,"column":9},"end":{"line":37,"column":63}},"18":{"start":{"line":39,"column":6},"end":{"line":41,"column":7}},"19":{"start":{"line":40,"column":9},"end":{"line":40,"column":79}},"20":{"start":{"line":42,"column":6},"end":{"line":42,"column":69}},"21":{"start":{"line":47,"column":0},"end":{"line":47,"column":32}}},"fnMap":{"0":{"name":"(anonymous_0)","decl":{"start":{"line":4,"column":2},"end":{"line":4,"column":3}},"loc":{"start":{"line":4,"column":30},"end":{"line":11,"column":3}},"line":4},"1":{"name":"(anonymous_1)","decl":{"start":{"line":13,"column":2},"end":{"line":13,"column":3}},"loc":{"start":{"line":13,"column":32},"end":{"line":20,"column":3}},"line":13},"2":{"name":"(anonymous_2)","decl":{"start":{"line":22,"column":2},"end":{"line":22,"column":3}},"loc":{"start":{"line":22,"column":41},"end":{"line":29,"column":3}},"line":22},"3":{"name":"(anonymous_3)","decl":{"start":{"line":31,"column":2},"end":{"line":31,"column":3}},"loc":{"start":{"line":31,"column":42},"end":{"line":44,"column":3}},"line":31}},"branchMap":{"0":{"loc":{"start":{"line":36,"column":6},"end":{"line":38,"column":7}},"type":"if","locations":[{"start":{"line":36,"column":6},"end":{"line":38,"column":7}},{"start":{},"end":{}}],"line":36},"1":{"loc":{"start":{"line":39,"column":6},"end":{"line":41,"column":7}},"type":"if","locations":[{"start":{"line":39,"column":6},"end":{"line":41,"column":7}},{"start":{},"end":{}}],"line":39}},"s":{"0":0,"1":0,"2":0,"3":0,"4":0,"5":0,"6":0,"7":0,"8":0,"9":0,"10":0,"11":0,"12":0,"13":0,"14":0,"15":0,"16":0,"17":0,"18":0,"19":0,"20":0,"21":0},"f":{"0":0,"1":0,"2":0,"3":0},"b":{"0":[0,0],"1":[0,0]}}
,"C:\\Users\\Atharva Nair\\subzero\\backend\\controllers\\IncomeController.js": {"path":"C:\\Users\\Atharva Nair\\subzero\\backend\\controllers\\IncomeController.js","statementMap":{"0":{"start":{"line":1,"column":22},"end":{"line":1,"column":58}},"1":{"start":{"line":5,"column":4},"end":{"line":10,"column":5}},"2":{"start":{"line":6,"column":22},"end":{"line":6,"column":64}},"3":{"start":{"line":7,"column":6},"end":{"line":7,"column":24}},"4":{"start":{"line":9,"column":6},"end":{"line":9,"column":69}},"5":{"start":{"line":14,"column":4},"end":{"line":19,"column":5}},"6":{"start":{"line":15,"column":24},"end":{"line":15,"column":60}},"7":{"start":{"line":16,"column":6},"end":{"line":16,"column":59}},"8":{"start":{"line":18,"column":6},"end":{"line":18,"column":69}},"9":{"start":{"line":23,"column":4},"end":{"line":31,"column":5}},"10":{"start":{"line":24,"column":6},"end":{"line":24,"column":48}},"11":{"start":{"line":25,"column":6},"end":{"line":25,"column":68}},"12":{"start":{"line":27,"column":6},"end":{"line":29,"column":7}},"13":{"start":{"line":28,"column":9},"end":{"line":28,"column":79}},"14":{"start":{"line":30,"column":6},"end":{"line":30,"column":69}},"15":{"start":{"line":35,"column":4},"end":{"line":43,"column":5}},"16":{"start":{"line":36,"column":21},"end":{"line":36,"column":72}},"17":{"start":{"line":37,"column":6},"end":{"line":37,"column":56}},"18":{"start":{"line":39,"column":6},"end":{"line":41,"column":7}},"19":{"start":{"line":40,"column":9},"end":{"line":40,"column":79}},"20":{"start":{"line":42,"column":6},"end":{"line":42,"column":69}},"21":{"start":{"line":47,"column":0},"end":{"line":47,"column":34}}},"fnMap":{"0":{"name":"(anonymous_0)","decl":{"start":{"line":4,"column":2},"end":{"line":4,"column":3}},"loc":{"start":{"line":4,"column":30},"end":{"line":11,"column":3}},"line":4},"1":{"name":"(anonymous_1)","decl":{"start":{"line":13,"column":2},"end":{"line":13,"column":3}},"loc":{"start":{"line":13,"column":32},"end":{"line":20,"column":3}},"line":13},"2":{"name":"(anonymous_2)","decl":{"start":{"line":22,"column":2},"end":{"line":22,"column":3}},"loc":{"start":{"line":22,"column":32},"end":{"line":32,"column":3}},"line":22},"3":{"name":"(anonymous_3)","decl":{"start":{"line":34,"column":2},"end":{"line":34,"column":3}},"loc":{"start":{"line":34,"column":32},"end":{"line":44,"column":3}},"line":34}},"branchMap":{"0":{"loc":{"start":{"line":27,"column":6},"end":{"line":29,"column":7}},"type":"if","locations":[{"start":{"line":27,"column":6},"end":{"line":29,"column":7}},{"start":{},"end":{}}],"line":27},"1":{"loc":{"start":{"line":39,"column":6},"end":{"line":41,"column":7}},"type":"if","locations":[{"start":{"line":39,"column":6},"end":{"line":41,"column":7}},{"start":{},"end":{}}],"line":39}},"s":{"0":0,"1":0,"2":0,"3":0,"4":0,"5":0,"6":0,"7":0,"8":0,"9":0,"10":0,"11":0,"12":0,"13":0,"14":0,"15":0,"16":0,"17":0,"18":0,"19":0,"20":0,"21":0},"f":{"0":0,"1":0,"2":0,"3":0},"b":{"0":[0,0],"1":[0,0]}}
,"C:\\Users\\Atharva Nair\\subzero\\backend\\controllers\\InsightController.js": {"path":"C:\\Users\\Atharva Nair\\subzero\\backend\\controllers\\InsightController.js","statementMap":{"0":{"start":{"line":1,"column":23},"end":{"line":1,"column":60}},"1":{"start":{"line":5,"column":4},"end":{"line":10,"column":5}},"2":{"start":{"line":6,"column":30},"end":{"line":6,"column":87}},"3":{"start":{"line":7,"column":6},"end":{"line":7,"column":32}},"4":{"start":{"line":9,"column":6},"end":{"line":9,"column":69}},"5":{"start":{"line":14,"column":4},"end":{"line":19,"column":5}},"6":{"start":{"line":15,"column":23},"end":{"line":15,"column":73}},"7":{"start":{"line":16,"column":6},"end":{"line":16,"column":44}},"8":{"start":{"line":18,"column":6},"end":{"line":18,"column":67}},"9":{"start":{"line":23,"column":0},"end":{"line":23,"column":35}}},"fnMap":{"0":{"name":"(anonymous_0)","decl":{"start":{"line":4,"column":2},"end":{"line":4,"column":3}},"loc":{"start":{"line":4,"column":44},"end":{"line":11,"column":3}},"line":4},"1":{"name":"(anonymous_1)","decl":{"start":{"line":13,"column":2},"end":{"line":13,"column":3}},"loc":{"start":{"line":13,"column":37},"end":{"line":20,"column":3}},"line":13}},"branchMap":{},"s":{"0":0,"1":0,"2":0,"3":0,"4":0,"5":0,"6":0,"7":0,"8":0,"9":0},"f":{"0":0,"1":0},"b":{}}
,"C:\\Users\\Atharva Nair\\subzero\\backend\\controllers\\NotificationController.js": {"path":"C:\\Users\\Atharva Nair\\subzero\\backend\\controllers\\NotificationController.js","statementMap":{"0":{"start":{"line":1,"column":28},"end":{"line":1,"column":70}},"1":{"start":{"line":5,"column":4},"end":{"line":10,"column":5}},"2":{"start":{"line":6,"column":28},"end":{"line":6,"column":89}},"3":{"start":{"line":7,"column":6},"end":{"line":7,"column":30}},"4":{"start":{"line":9,"column":6},"end":{"line":9,"column":69}},"5":{"start":{"line":14,"column":4},"end":{"line":19,"column":5}},"6":{"start":{"line":15,"column":6},"end":{"line":15,"column":66}},"7":{"start":{"line":16,"column":6},"end":{"line":16,"column":34}},"8":{"start":{"line":18,"column":6},"end":{"line":18,"column":69}},"9":{"start":{"line":23,"column":0},"end":{"line":23,"column":40}}},"fnMap":{"0":{"name":"(anonymous_0)","decl":{"start":{"line":4,"column":2},"end":{"line":4,"column":3}},"loc":{"start":{"line":4,"column":30},"end":{"line":11,"column":3}},"line":4},"1":{"name":"(anonymous_1)","decl":{"start":{"line":13,"column":2},"end":{"line":13,"column":3}},"loc":{"start":{"line":13,"column":34},"end":{"line":20,"column":3}},"line":13}},"branchMap":{},"s":{"0":0,"1":0,"2":0,"3":0,"4":0,"5":0,"6":0,"7":0,"8":0,"9":0},"f":{"0":0,"1":0},"b":{}}
,"C:\\Users\\Atharva Nair\\subzero\\backend\\controllers\\SubscriptionController.js": {"path":"C:\\Users\\Atharva Nair\\subzero\\backend\\controllers\\SubscriptionController.js","statementMap":{"0":{"start":{"line":1,"column":28},"end":{"line":1,"column":70}},"1":{"start":{"line":5,"column":4},"end":{"line":15,"column":5}},"2":{"start":{"line":6,"column":21},"end":{"line":6,"column":75}},"3":{"start":{"line":8,"column":6},"end":{"line":10,"column":7}},"4":{"start":{"line":9,"column":9},"end":{"line":9,"column":77}},"5":{"start":{"line":12,"column":6},"end":{"line":12,"column":69}},"6":{"start":{"line":14,"column":6},"end":{"line":14,"column":69}},"7":{"start":{"line":19,"column":4},"end":{"line":24,"column":5}},"8":{"start":{"line":20,"column":29},"end":{"line":20,"column":90}},"9":{"start":{"line":21,"column":6},"end":{"line":21,"column":31}},"10":{"start":{"line":23,"column":6},"end":{"line":23,"column":69}},"11":{"start":{"line":28,"column":33},"end":{"line":28,"column":41}},"12":{"start":{"line":29,"column":4},"end":{"line":34,"column":5}},"13":{"start":{"line":30,"column":18},"end":{"line":30,"column":70}},"14":{"start":{"line":31,"column":6},"end":{"line":31,"column":60}},"15":{"start":{"line":33,"column":6},"end":{"line":33,"column":69}},"16":{"start":{"line":38,"column":4},"end":{"line":43,"column":5}},"17":{"start":{"line":39,"column":18},"end":{"line":39,"column":75}},"18":{"start":{"line":40,"column":6},"end":{"line":40,"column":50}},"19":{"start":{"line":42,"column":6},"end":{"line":42,"column":69}},"20":{"start":{"line":47,"column":0},"end":{"line":47,"column":40}}},"fnMap":{"0":{"name":"(anonymous_0)","decl":{"start":{"line":4,"column":2},"end":{"line":4,"column":3}},"loc":{"start":{"line":4,"column":32},"end":{"line":16,"column":3}},"line":4},"1":{"name":"(anonymous_1)","decl":{"start":{"line":18,"column":2},"end":{"line":18,"column":3}},"loc":{"start":{"line":18,"column":30},"end":{"line":25,"column":3}},"line":18},"2":{"name":"(anonymous_2)","decl":{"start":{"line":27,"column":2},"end":{"line":27,"column":3}},"loc":{"start":{"line":27,"column":34},"end":{"line":35,"column":3}},"line":27},"3":{"name":"(anonymous_3)","decl":{"start":{"line":37,"column":2},"end":{"line":37,"column":3}},"loc":{"start":{"line":37,"column":32},"end":{"line":44,"column":3}},"line":37}},"branchMap":{"0":{"loc":{"start":{"line":8,"column":6},"end":{"line":10,"column":7}},"type":"if","locations":[{"start":{"line":8,"column":6},"end":{"line":10,"column":7}},{"start":{},"end":{}}],"line":8}},"s":{"0":0,"1":0,"2":0,"3":0,"4":0,"5":0,"6":0,"7":0,"8":0,"9":0,"10":0,"11":0,"12":0,"13":0,"14":0,"15":0,"16":0,"17":0,"18":0,"19":0,"20":0},"f":{"0":0,"1":0,"2":0,"3":0},"b":{"0":[0,0]}}
,"C:\\Users\\Atharva Nair\\subzero\\backend\\controllers\\TransactionController.js": {"path":"C:\\Users\\Atharva Nair\\subzero\\backend\\controllers\\TransactionController.js","statementMap":{"0":{"start":{"line":1,"column":27},"end":{"line":1,"column":68}},"1":{"start":{"line":5,"column":4},"end":{"line":10,"column":5}},"2":{"start":{"line":6,"column":19},"end":{"line":6,"column":66}},"3":{"start":{"line":7,"column":6},"end":{"line":7,"column":21}},"4":{"start":{"line":9,"column":6},"end":{"line":9,"column":69}},"5":{"start":{"line":14,"column":4},"end":{"line":19,"column":5}},"6":{"start":{"line":15,"column":21},"end":{"line":15,"column":62}},"7":{"start":{"line":16,"column":6},"end":{"line":16,"column":55}},"8":{"start":{"line":18,"column":6},"end":{"line":18,"column":69}},"9":{"start":{"line":23,"column":4},"end":{"line":28,"column":5}},"10":{"start":{"line":24,"column":6},"end":{"line":24,"column":53}},"11":{"start":{"line":25,"column":6},"end":{"line":25,"column":66}},"12":{"start":{"line":27,"column":6},"end":{"line":27,"column":69}},"13":{"start":{"line":32,"column":0},"end":{"line":32,"column":39}}},"fnMap":{"0":{"name":"(anonymous_0)","decl":{"start":{"line":4,"column":2},"end":{"line":4,"column":3}},"loc":{"start":{"line":4,"column":30},"end":{"line":11,"column":3}},"line":4},"1":{"name":"(anonymous_1)","decl":{"start":{"line":13,"column":2},"end":{"line":13,"column":3}},"loc":{"start":{"line":13,"column":32},"end":{"line":20,"column":3}},"line":13},"2":{"name":"(anonymous_2)","decl":{"start":{"line":22,"column":2},"end":{"line":22,"column":3}},"loc":{"start":{"line":22,"column":32},"end":{"line":29,"column":3}},"line":22}},"branchMap":{},"s":{"0":0,"1":0,"2":0,"3":0,"4":0,"5":0,"6":0,"7":0,"8":0,"9":0,"10":0,"11":0,"12":0,"13":0},"f":{"0":0,"1":0,"2":0},"b":{}}
,"C:\\Users\\Atharva Nair\\subzero\\backend\\controllers\\UserController.js": {"path":"C:\\Users\\Atharva Nair\\subzero\\backend\\controllers\\UserController.js","statementMap":{"0":{"start":{"line":1,"column":20},"end":{"line":1,"column":54}},"1":{"start":{"line":5,"column":4},"end":{"line":10,"column":5}},"2":{"start":{"line":6,"column":19},"end":{"line":6,"column":52}},"3":{"start":{"line":7,"column":6},"end":{"line":7,"column":40}},"4":{"start":{"line":9,"column":6},"end":{"line":9,"column":69}},"5":{"start":{"line":14,"column":0},"end":{"line":14,"column":32}}},"fnMap":{"0":{"name":"(anonymous_0)","decl":{"start":{"line":4,"column":2},"end":{"line":4,"column":3}},"loc":{"start":{"line":4,"column":31},"end":{"line":11,"column":3}},"line":4}},"branchMap":{},"s":{"0":0,"1":0,"2":0,"3":0,"4":0,"5":0},"f":{"0":0},"b":{}}
,"C:\\Users\\Atharva Nair\\subzero\\backend\\domain\\engines\\BudgetAllocationEngine.js": {"path":"C:\\Users\\Atharva Nair\\subzero\\backend\\domain\\engines\\BudgetAllocationEngine.js","statementMap":{"0":{"start":{"line":3,"column":4},"end":{"line":3,"column":70}},"1":{"start":{"line":3,"column":38},"end":{"line":3,"column":65}},"2":{"start":{"line":7,"column":24},"end":{"line":7,"column":26}},"3":{"start":{"line":8,"column":4},"end":{"line":16,"column":5}},"4":{"start":{"line":9,"column":20},"end":{"line":9,"column":104}},"5":{"start":{"line":9,"column":37},"end":{"line":9,"column":62}},"6":{"start":{"line":9,"column":81},"end":{"line":9,"column":100}},"7":{"start":{"line":10,"column":6},"end":{"line":15,"column":9}},"8":{"start":{"line":17,"column":4},"end":{"line":17,"column":23}},"9":{"start":{"line":20,"column":0},"end":{"line":20,"column":40}}},"fnMap":{"0":{"name":"(anonymous_0)","decl":{"start":{"line":2,"column":2},"end":{"line":2,"column":3}},"loc":{"start":{"line":2,"column":45},"end":{"line":4,"column":3}},"line":2},"1":{"name":"(anonymous_1)","decl":{"start":{"line":3,"column":26},"end":{"line":3,"column":27}},"loc":{"start":{"line":3,"column":38},"end":{"line":3,"column":65}},"line":3},"2":{"name":"(anonymous_2)","decl":{"start":{"line":6,"column":2},"end":{"line":6,"column":3}},"loc":{"start":{"line":6,"column":51},"end":{"line":18,"column":3}},"line":6},"3":{"name":"(anonymous_3)","decl":{"start":{"line":9,"column":32},"end":{"line":9,"column":33}},"loc":{"start":{"line":9,"column":37},"end":{"line":9,"column":62}},"line":9},"4":{"name":"(anonymous_4)","decl":{"start":{"line":9,"column":71},"end":{"line":9,"column":72}},"loc":{"start":{"line":9,"column":81},"end":{"line":9,"column":100}},"line":9}},"branchMap":{"0":{"loc":{"start":{"line":3,"column":45},"end":{"line":3,"column":64}},"type":"binary-expr","locations":[{"start":{"line":3,"column":45},"end":{"line":3,"column":59}},{"start":{"line":3,"column":63},"end":{"line":3,"column":64}}],"line":3},"1":{"loc":{"start":{"line":9,"column":86},"end":{"line":9,"column":99}},"type":"binary-expr","locations":[{"start":{"line":9,"column":86},"end":{"line":9,"column":94}},{"start":{"line":9,"column":98},"end":{"line":9,"column":99}}],"line":9},"2":{"loc":{"start":{"line":14,"column":20},"end":{"line":14,"column":71}},"type":"cond-expr","locations":[{"start":{"line":14,"column":37},"end":{"line":14,"column":67}},{"start":{"line":14,"column":70},"end":{"line":14,"column":71}}],"line":14}},"s":{"0":2,"1":3,"2":2,"3":2,"4":3,"5":9,"6":4,"7":3,"8":2,"9":1},"f":{"0":2,"1":3,"2":2,"3":9,"4":4},"b":{"0":[3,1],"1":[4,0],"2":[2,1]},"_coverageSchema":"1a1c01bbd47fc00a2c39e90264f33305004495a9","hash":"fbf49c9f3a9a8cebc1e67020042a31fb8f5c0b56"}
,"C:\\Users\\Atharva Nair\\subzero\\backend\\domain\\engines\\CashFlowEngine.js": {"path":"C:\\Users\\Atharva Nair\\subzero\\backend\\domain\\engines\\CashFlowEngine.js","statementMap":{"0":{"start":{"line":3,"column":4},"end":{"line":3,"column":79}},"1":{"start":{"line":7,"column":4},"end":{"line":7,"column":61}},"2":{"start":{"line":7,"column":35},"end":{"line":7,"column":56}},"3":{"start":{"line":11,"column":4},"end":{"line":11,"column":110}},"4":{"start":{"line":11,"column":44},"end":{"line":11,"column":105}},"5":{"start":{"line":15,"column":4},"end":{"line":15,"column":59}},"6":{"start":{"line":18,"column":0},"end":{"line":18,"column":32}}},"fnMap":{"0":{"name":"(anonymous_0)","decl":{"start":{"line":2,"column":2},"end":{"line":2,"column":3}},"loc":{"start":{"line":2,"column":109},"end":{"line":4,"column":3}},"line":2},"1":{"name":"(anonymous_1)","decl":{"start":{"line":6,"column":2},"end":{"line":6,"column":3}},"loc":{"start":{"line":6,"column":38},"end":{"line":8,"column":3}},"line":6},"2":{"name":"(anonymous_2)","decl":{"start":{"line":7,"column":23},"end":{"line":7,"column":24}},"loc":{"start":{"line":7,"column":35},"end":{"line":7,"column":56}},"line":7},"3":{"name":"(anonymous_3)","decl":{"start":{"line":10,"column":2},"end":{"line":10,"column":3}},"loc":{"start":{"line":10,"column":58},"end":{"line":12,"column":3}},"line":10},"4":{"name":"(anonymous_4)","decl":{"start":{"line":11,"column":32},"end":{"line":11,"column":33}},"loc":{"start":{"line":11,"column":44},"end":{"line":11,"column":105}},"line":11},"5":{"name":"(anonymous_5)","decl":{"start":{"line":14,"column":2},"end":{"line":14,"column":3}},"loc":{"start":{"line":14,"column":69},"end":{"line":16,"column":3}},"line":14}},"branchMap":{"0":{"loc":{"start":{"line":7,"column":42},"end":{"line":7,"column":55}},"type":"binary-expr","locations":[{"start":{"line":7,"column":42},"end":{"line":7,"column":50}},{"start":{"line":7,"column":54},"end":{"line":7,"column":55}}],"line":7},"1":{"loc":{"start":{"line":11,"column":51},"end":{"line":11,"column":104}},"type":"cond-expr","locations":[{"start":{"line":11,"column":82},"end":{"line":11,"column":89}},{"start":{"line":11,"column":92},"end":{"line":11,"column":104}}],"line":11}},"s":{"0":2,"1":2,"2":4,"3":1,"4":3,"5":1,"6":1},"f":{"0":2,"1":2,"2":4,"3":1,"4":3,"5":1},"b":{"0":[4,1],"1":[2,1]},"_coverageSchema":"1a1c01bbd47fc00a2c39e90264f33305004495a9","hash":"14036b77d90ac6006a812249e97293414ad19c65"}
,"C:\\Users\\Atharva Nair\\subzero\\backend\\domain\\engines\\CategorizationEngine.js": {"path":"C:\\Users\\Atharva Nair\\subzero\\backend\\domain\\engines\\CategorizationEngine.js","statementMap":{"0":{"start":{"line":3,"column":38},"end":{"line":3,"column":80}},"1":{"start":{"line":4,"column":4},"end":{"line":4,"column":57}},"2":{"start":{"line":8,"column":4},"end":{"line":9,"column":63}},"3":{"start":{"line":13,"column":4},"end":{"line":14,"column":48}},"4":{"start":{"line":18,"column":4},"end":{"line":19,"column":41}},"5":{"start":{"line":23,"column":4},"end":{"line":24,"column":79}},"6":{"start":{"line":28,"column":4},"end":{"line":33,"column":52}},"7":{"start":{"line":29,"column":7},"end":{"line":29,"column":75}},"8":{"start":{"line":29,"column":36},"end":{"line":29,"column":75}},"9":{"start":{"line":30,"column":7},"end":{"line":30,"column":83}},"10":{"start":{"line":30,"column":40},"end":{"line":30,"column":83}},"11":{"start":{"line":31,"column":7},"end":{"line":31,"column":85}},"12":{"start":{"line":31,"column":41},"end":{"line":31,"column":85}},"13":{"start":{"line":32,"column":7},"end":{"line":32,"column":20}},"14":{"start":{"line":33,"column":26},"end":{"line":33,"column":47}},"15":{"start":{"line":37,"column":25},"end":{"line":40,"column":10}},"16":{"start":{"line":38,"column":6},"end":{"line":38,"column":57}},"17":{"start":{"line":39,"column":6},"end":{"line":39,"column":17}},"18":{"start":{"line":42,"column":4},"end":{"line":46,"column":7}},"19":{"start":{"line":43,"column":16},"end":{"line":43,"column":43}},"20":{"start":{"line":44,"column":6},"end":{"line":44,"column":55}},"21":{"start":{"line":44,"column":42},"end":{"line":44,"column":55}},"22":{"start":{"line":45,"column":6},"end":{"line":45,"column":62}},"23":{"start":{"line":47,"column":4},"end":{"line":47,"column":24}},"24":{"start":{"line":50,"column":0},"end":{"line":50,"column":38}}},"fnMap":{"0":{"name":"(anonymous_0)","decl":{"start":{"line":2,"column":2},"end":{"line":2,"column":3}},"loc":{"start":{"line":2,"column":56},"end":{"line":5,"column":3}},"line":2},"1":{"name":"(anonymous_1)","decl":{"start":{"line":7,"column":2},"end":{"line":7,"column":3}},"loc":{"start":{"line":7,"column":32},"end":{"line":10,"column":3}},"line":7},"2":{"name":"(anonymous_2)","decl":{"start":{"line":12,"column":2},"end":{"line":12,"column":3}},"loc":{"start":{"line":12,"column":36},"end":{"line":15,"column":3}},"line":12},"3":{"name":"(anonymous_3)","decl":{"start":{"line":17,"column":2},"end":{"line":17,"column":3}},"loc":{"start":{"line":17,"column":37},"end":{"line":20,"column":3}},"line":17},"4":{"name":"(anonymous_4)","decl":{"start":{"line":22,"column":2},"end":{"line":22,"column":3}},"loc":{"start":{"line":22,"column":39},"end":{"line":25,"column":3}},"line":22},"5":{"name":"(anonymous_5)","decl":{"start":{"line":27,"column":2},"end":{"line":27,"column":3}},"loc":{"start":{"line":27,"column":52},"end":{"line":34,"column":3}},"line":27},"6":{"name":"(anonymous_6)","decl":{"start":{"line":28,"column":23},"end":{"line":28,"column":24}},"loc":{"start":{"line":28,"column":28},"end":{"line":33,"column":5}},"line":28},"7":{"name":"(anonymous_7)","decl":{"start":{"line":33,"column":14},"end":{"line":33,"column":15}},"loc":{"start":{"line":33,"column":26},"end":{"line":33,"column":47}},"line":33},"8":{"name":"(anonymous_8)","decl":{"start":{"line":36,"column":2},"end":{"line":36,"column":3}},"loc":{"start":{"line":36,"column":65},"end":{"line":48,"column":3}},"line":36},"9":{"name":"(anonymous_9)","decl":{"start":{"line":37,"column":46},"end":{"line":37,"column":47}},"loc":{"start":{"line":37,"column":58},"end":{"line":40,"column":5}},"line":37},"10":{"name":"(anonymous_10)","decl":{"start":{"line":42,"column":25},"end":{"line":42,"column":26}},"loc":{"start":{"line":42,"column":30},"end":{"line":46,"column":5}},"line":42}},"branchMap":{"0":{"loc":{"start":{"line":8,"column":11},"end":{"line":9,"column":62}},"type":"binary-expr","locations":[{"start":{"line":8,"column":11},"end":{"line":8,"column":78}},{"start":{"line":9,"column":11},"end":{"line":9,"column":62}}],"line":8},"1":{"loc":{"start":{"line":13,"column":11},"end":{"line":14,"column":47}},"type":"binary-expr","locations":[{"start":{"line":13,"column":11},"end":{"line":13,"column":64}},{"start":{"line":14,"column":11},"end":{"line":14,"column":47}}],"line":13},"2":{"loc":{"start":{"line":18,"column":11},"end":{"line":19,"column":40}},"type":"binary-expr","locations":[{"start":{"line":18,"column":11},"end":{"line":18,"column":68}},{"start":{"line":19,"column":11},"end":{"line":19,"column":40}}],"line":18},"3":{"loc":{"start":{"line":23,"column":11},"end":{"line":24,"column":78}},"type":"binary-expr","locations":[{"start":{"line":23,"column":11},"end":{"line":23,"column":80}},{"start":{"line":24,"column":11},"end":{"line":24,"column":78}}],"line":23},"4":{"loc":{"start":{"line":29,"column":7},"end":{"line":29,"column":75}},"type":"if","locations":[{"start":{"line":29,"column":7},"end":{"line":29,"column":75}},{"start":{},"end":{}}],"line":29},"5":{"loc":{"start":{"line":30,"column":7},"end":{"line":30,"column":83}},"type":"if","locations":[{"start":{"line":30,"column":7},"end":{"line":30,"column":83}},{"start":{},"end":{}}],"line":30},"6":{"loc":{"start":{"line":31,"column":7},"end":{"line":31,"column":85}},"type":"if","locations":[{"start":{"line":31,"column":7},"end":{"line":31,"column":85}},{"start":{},"end":{}}],"line":31},"7":{"loc":{"start":{"line":33,"column":33},"end":{"line":33,"column":46}},"type":"binary-expr","locations":[{"start":{"line":33,"column":33},"end":{"line":33,"column":41}},{"start":{"line":33,"column":45},"end":{"line":33,"column":46}}],"line":33},"8":{"loc":{"start":{"line":38,"column":25},"end":{"line":38,"column":45}},"type":"binary-expr","locations":[{"start":{"line":38,"column":25},"end":{"line":38,"column":40}},{"start":{"line":38,"column":44},"end":{"line":38,"column":45}}],"line":38},"9":{"loc":{"start":{"line":43,"column":16},"end":{"line":43,"column":43}},"type":"binary-expr","locations":[{"start":{"line":43,"column":16},"end":{"line":43,"column":26}},{"start":{"line":43,"column":30},"end":{"line":43,"column":43}}],"line":43},"10":{"loc":{"start":{"line":44,"column":6},"end":{"line":44,"column":55}},"type":"if","locations":[{"start":{"line":44,"column":6},"end":{"line":44,"column":55}},{"start":{},"end":{}}],"line":44},"11":{"loc":{"start":{"line":45,"column":27},"end":{"line":45,"column":49}},"type":"binary-expr","locations":[{"start":{"line":45,"column":27},"end":{"line":45,"column":44}},{"start":{"line":45,"column":48},"end":{"line":45,"column":49}}],"line":45}},"s":{"0":1,"1":0,"2":9,"3":5,"4":5,"5":2,"6":3,"7":9,"8":3,"9":6,"10":3,"11":3,"12":3,"13":0,"14":3,"15":1,"16":2,"17":2,"18":1,"19":3,"20":3,"21":1,"22":3,"23":1,"24":1},"f":{"0":1,"1":9,"2":5,"3":5,"4":2,"5":3,"6":9,"7":3,"8":1,"9":2,"10":3},"b":{"0":[9,7],"1":[5,4],"2":[5,4],"3":[2,1],"4":[3,6],"5":[3,3],"6":[3,0],"7":[3,0],"8":[2,2],"9":[3,1],"10":[1,2],"11":[3,3]},"_coverageSchema":"1a1c01bbd47fc00a2c39e90264f33305004495a9","hash":"c132813cfbfe6f6652a7de0017e5431adea1410e"}
,"C:\\Users\\Atharva Nair\\subzero\\backend\\domain\\engines\\DateCycleEngine.js": {"path":"C:\\Users\\Atharva Nair\\subzero\\backend\\domain\\engines\\DateCycleEngine.js","statementMap":{"0":{"start":{"line":3,"column":22},"end":{"line":3,"column":53}},"1":{"start":{"line":4,"column":4},"end":{"line":7,"column":6}},"2":{"start":{"line":11,"column":4},"end":{"line":11,"column":49}},"3":{"start":{"line":15,"column":4},"end":{"line":15,"column":79}},"4":{"start":{"line":19,"column":14},"end":{"line":19,"column":32}},"5":{"start":{"line":20,"column":4},"end":{"line":20,"column":54}},"6":{"start":{"line":24,"column":4},"end":{"line":24,"column":96}},"7":{"start":{"line":28,"column":4},"end":{"line":28,"column":110}},"8":{"start":{"line":32,"column":4},"end":{"line":32,"column":81}},"9":{"start":{"line":32,"column":69},"end":{"line":32,"column":81}},"10":{"start":{"line":33,"column":4},"end":{"line":33,"column":78}},"11":{"start":{"line":33,"column":66},"end":{"line":33,"column":78}},"12":{"start":{"line":34,"column":4},"end":{"line":34,"column":82}},"13":{"start":{"line":34,"column":70},"end":{"line":34,"column":82}},"14":{"start":{"line":35,"column":4},"end":{"line":35,"column":17}},"15":{"start":{"line":39,"column":4},"end":{"line":39,"column":54}},"16":{"start":{"line":39,"column":23},"end":{"line":39,"column":54}},"17":{"start":{"line":40,"column":4},"end":{"line":46,"column":5}},"18":{"start":{"line":41,"column":28},"end":{"line":41,"column":54}},"19":{"start":{"line":42,"column":6},"end":{"line":44,"column":90}},"20":{"start":{"line":42,"column":35},"end":{"line":42,"column":88}},"21":{"start":{"line":43,"column":11},"end":{"line":44,"column":90}},"22":{"start":{"line":43,"column":41},"end":{"line":43,"column":93}},"23":{"start":{"line":44,"column":11},"end":{"line":44,"column":90}},"24":{"start":{"line":44,"column":39},"end":{"line":44,"column":90}},"25":{"start":{"line":45,"column":6},"end":{"line":45,"column":27}},"26":{"start":{"line":47,"column":4},"end":{"line":47,"column":31}},"27":{"start":{"line":51,"column":16},"end":{"line":51,"column":39}},"28":{"start":{"line":52,"column":4},"end":{"line":52,"column":34}},"29":{"start":{"line":56,"column":17},"end":{"line":56,"column":42}},"30":{"start":{"line":57,"column":4},"end":{"line":57,"column":35}},"31":{"start":{"line":61,"column":6},"end":{"line":61,"column":96}},"32":{"start":{"line":65,"column":17},"end":{"line":65,"column":36}},"33":{"start":{"line":66,"column":17},"end":{"line":66,"column":35}},"34":{"start":{"line":67,"column":4},"end":{"line":83,"column":5}},"35":{"start":{"line":68,"column":20},"end":{"line":68,"column":64}},"36":{"start":{"line":69,"column":6},"end":{"line":69,"column":32}},"37":{"start":{"line":70,"column":11},"end":{"line":83,"column":5}},"38":{"start":{"line":71,"column":23},"end":{"line":71,"column":43}},"39":{"start":{"line":72,"column":29},"end":{"line":72,"column":57}},"40":{"start":{"line":73,"column":22},"end":{"line":73,"column":77}},"41":{"start":{"line":74,"column":6},"end":{"line":74,"column":60}},"42":{"start":{"line":75,"column":11},"end":{"line":83,"column":5}},"43":{"start":{"line":76,"column":23},"end":{"line":76,"column":43}},"44":{"start":{"line":77,"column":29},"end":{"line":77,"column":57}},"45":{"start":{"line":78,"column":22},"end":{"line":78,"column":77}},"46":{"start":{"line":79,"column":24},"end":{"line":79,"column":46}},"47":{"start":{"line":80,"column":6},"end":{"line":80,"column":63}},"48":{"start":{"line":81,"column":11},"end":{"line":83,"column":5}},"49":{"start":{"line":82,"column":6},"end":{"line":82,"column":23}},"50":{"start":{"line":84,"column":4},"end":{"line":84,"column":69}},"51":{"start":{"line":88,"column":4},"end":{"line":88,"column":86}},"52":{"start":{"line":91,"column":0},"end":{"line":91,"column":33}}},"fnMap":{"0":{"name":"(anonymous_0)","decl":{"start":{"line":2,"column":2},"end":{"line":2,"column":3}},"loc":{"start":{"line":2,"column":45},"end":{"line":8,"column":3}},"line":2},"1":{"name":"(anonymous_1)","decl":{"start":{"line":10,"column":2},"end":{"line":10,"column":3}},"loc":{"start":{"line":10,"column":36},"end":{"line":12,"column":3}},"line":10},"2":{"name":"(anonymous_2)","decl":{"start":{"line":14,"column":2},"end":{"line":14,"column":3}},"loc":{"start":{"line":14,"column":49},"end":{"line":16,"column":3}},"line":14},"3":{"name":"(anonymous_3)","decl":{"start":{"line":18,"column":2},"end":{"line":18,"column":3}},"loc":{"start":{"line":18,"column":48},"end":{"line":21,"column":3}},"line":18},"4":{"name":"(anonymous_4)","decl":{"start":{"line":23,"column":2},"end":{"line":23,"column":3}},"loc":{"start":{"line":23,"column":41},"end":{"line":25,"column":3}},"line":23},"5":{"name":"(anonymous_5)","decl":{"start":{"line":27,"column":2},"end":{"line":27,"column":3}},"loc":{"start":{"line":27,"column":57},"end":{"line":29,"column":3}},"line":27},"6":{"name":"(anonymous_6)","decl":{"start":{"line":31,"column":2},"end":{"line":31,"column":3}},"loc":{"start":{"line":31,"column":48},"end":{"line":36,"column":3}},"line":31},"7":{"name":"(anonymous_7)","decl":{"start":{"line":38,"column":2},"end":{"line":38,"column":3}},"loc":{"start":{"line":38,"column":87},"end":{"line":48,"column":3}},"line":38},"8":{"name":"(anonymous_8)","decl":{"start":{"line":50,"column":2},"end":{"line":50,"column":3}},"loc":{"start":{"line":50,"column":25},"end":{"line":53,"column":3}},"line":50},"9":{"name":"(anonymous_9)","decl":{"start":{"line":55,"column":2},"end":{"line":55,"column":3}},"loc":{"start":{"line":55,"column":27},"end":{"line":58,"column":3}},"line":55},"10":{"name":"(anonymous_10)","decl":{"start":{"line":60,"column":2},"end":{"line":60,"column":3}},"loc":{"start":{"line":60,"column":36},"end":{"line":62,"column":3}},"line":60},"11":{"name":"(anonymous_11)","decl":{"start":{"line":64,"column":2},"end":{"line":64,"column":3}},"loc":{"start":{"line":64,"column":50},"end":{"line":85,"column":3}},"line":64},"12":{"name":"(anonymous_12)","decl":{"start":{"line":87,"column":2},"end":{"line":87,"column":3}},"loc":{"start":{"line":87,"column":78},"end":{"line":89,"column":3}},"line":87}},"branchMap":{"0":{"loc":{"start":{"line":11,"column":11},"end":{"line":11,"column":48}},"type":"cond-expr","locations":[{"start":{"line":11,"column":40},"end":{"line":11,"column":42}},{"start":{"line":11,"column":45},"end":{"line":11,"column":48}}],"line":11},"1":{"loc":{"start":{"line":14,"column":26},"end":{"line":14,"column":47}},"type":"default-arg","locations":[{"start":{"line":14,"column":37},"end":{"line":14,"column":47}}],"line":14},"2":{"loc":{"start":{"line":18,"column":25},"end":{"line":18,"column":46}},"type":"default-arg","locations":[{"start":{"line":18,"column":36},"end":{"line":18,"column":46}}],"line":18},"3":{"loc":{"start":{"line":27,"column":34},"end":{"line":27,"column":55}},"type":"default-arg","locations":[{"start":{"line":27,"column":45},"end":{"line":27,"column":55}}],"line":27},"4":{"loc":{"start":{"line":32,"column":4},"end":{"line":32,"column":81}},"type":"if","locations":[{"start":{"line":32,"column":4},"end":{"line":32,"column":81}},{"start":{},"end":{}}],"line":32},"5":{"loc":{"start":{"line":32,"column":8},"end":{"line":32,"column":67}},"type":"binary-expr","locations":[{"start":{"line":32,"column":8},"end":{"line":32,"column":31}},{"start":{"line":32,"column":35},"end":{"line":32,"column":49}},{"start":{"line":32,"column":53},"end":{"line":32,"column":67}}],"line":32},"6":{"loc":{"start":{"line":33,"column":4},"end":{"line":33,"column":78}},"type":"if","locations":[{"start":{"line":33,"column":4},"end":{"line":33,"column":78}},{"start":{},"end":{}}],"line":33},"7":{"loc":{"start":{"line":33,"column":8},"end":{"line":33,"column":64}},"type":"binary-expr","locations":[{"start":{"line":33,"column":8},"end":{"line":33,"column":30}},{"start":{"line":33,"column":34},"end":{"line":33,"column":47}},{"start":{"line":33,"column":51},"end":{"line":33,"column":64}}],"line":33},"8":{"loc":{"start":{"line":34,"column":4},"end":{"line":34,"column":82}},"type":"if","locations":[{"start":{"line":34,"column":4},"end":{"line":34,"column":82}},{"start":{},"end":{}}],"line":34},"9":{"loc":{"start":{"line":34,"column":8},"end":{"line":34,"column":68}},"type":"binary-expr","locations":[{"start":{"line":34,"column":8},"end":{"line":34,"column":32}},{"start":{"line":34,"column":36},"end":{"line":34,"column":50}},{"start":{"line":34,"column":54},"end":{"line":34,"column":68}}],"line":34},"10":{"loc":{"start":{"line":39,"column":4},"end":{"line":39,"column":54}},"type":"if","locations":[{"start":{"line":39,"column":4},"end":{"line":39,"column":54}},{"start":{},"end":{}}],"line":39},"11":{"loc":{"start":{"line":40,"column":4},"end":{"line":46,"column":5}},"type":"if","locations":[{"start":{"line":40,"column":4},"end":{"line":46,"column":5}},{"start":{},"end":{}}],"line":40},"12":{"loc":{"start":{"line":42,"column":6},"end":{"line":44,"column":90}},"type":"if","locations":[{"start":{"line":42,"column":6},"end":{"line":44,"column":90}},{"start":{"line":43,"column":11},"end":{"line":44,"column":90}}],"line":42},"13":{"loc":{"start":{"line":43,"column":11},"end":{"line":44,"column":90}},"type":"if","locations":[{"start":{"line":43,"column":11},"end":{"line":44,"column":90}},{"start":{"line":44,"column":11},"end":{"line":44,"column":90}}],"line":43},"14":{"loc":{"start":{"line":44,"column":11},"end":{"line":44,"column":90}},"type":"if","locations":[{"start":{"line":44,"column":11},"end":{"line":44,"column":90}},{"start":{},"end":{}}],"line":44},"15":{"loc":{"start":{"line":52,"column":11},"end":{"line":52,"column":33}},"type":"binary-expr","locations":[{"start":{"line":52,"column":11},"end":{"line":52,"column":20}},{"start":{"line":52,"column":24},"end":{"line":52,"column":33}}],"line":52},"16":{"loc":{"start":{"line":57,"column":11},"end":{"line":57,"column":34}},"type":"binary-expr","locations":[{"start":{"line":57,"column":11},"end":{"line":57,"column":21}},{"start":{"line":57,"column":25},"end":{"line":57,"column":34}}],"line":57},"17":{"loc":{"start":{"line":67,"column":4},"end":{"line":83,"column":5}},"type":"if","locations":[{"start":{"line":67,"column":4},"end":{"line":83,"column":5}},{"start":{"line":70,"column":11},"end":{"line":83,"column":5}}],"line":67},"18":{"loc":{"start":{"line":70,"column":11},"end":{"line":83,"column":5}},"type":"if","locations":[{"start":{"line":70,"column":11},"end":{"line":83,"column":5}},{"start":{"line":75,"column":11},"end":{"line":83,"column":5}}],"line":70},"19":{"loc":{"start":{"line":75,"column":11},"end":{"line":83,"column":5}},"type":"if","locations":[{"start":{"line":75,"column":11},"end":{"line":83,"column":5}},{"start":{"line":81,"column":11},"end":{"line":83,"column":5}}],"line":75},"20":{"loc":{"start":{"line":81,"column":11},"end":{"line":83,"column":5}},"type":"if","locations":[{"start":{"line":81,"column":11},"end":{"line":83,"column":5}},{"start":{},"end":{}}],"line":81},"21":{"loc":{"start":{"line":87,"column":47},"end":{"line":87,"column":76}},"type":"default-arg","locations":[{"start":{"line":87,"column":58},"end":{"line":87,"column":76}}],"line":87}},"s":{"0":1,"1":1,"2":2,"3":1,"4":1,"5":1,"6":2,"7":1,"8":6,"9":1,"10":5,"11":1,"12":4,"13":1,"14":3,"15":3,"16":1,"17":2,"18":1,"19":1,"20":1,"21":0,"22":0,"23":0,"24":0,"25":1,"26":1,"27":0,"28":0,"29":0,"30":0,"31":0,"32":5,"33":5,"34":5,"35":1,"36":1,"37":4,"38":1,"39":1,"40":1,"41":1,"42":3,"43":1,"44":1,"45":1,"46":1,"47":1,"48":2,"49":1,"50":1,"51":0,"52":4},"f":{"0":1,"1":2,"2":1,"3":1,"4":2,"5":1,"6":6,"7":3,"8":0,"9":0,"10":0,"11":5,"12":0},"b":{"0":[1,1],"1":[0],"2":[0],"3":[0],"4":[1,5],"5":[6,2,1],"6":[1,4],"7":[5,2,1],"8":[1,3],"9":[4,2,1],"10":[1,2],"11":[1,1],"12":[1,0],"13":[0,0],"14":[0,0],"15":[0,0],"16":[0,0],"17":[1,4],"18":[1,3],"19":[1,2],"20":[1,1],"21":[0]},"_coverageSchema":"1a1c01bbd47fc00a2c39e90264f33305004495a9","hash":"6e0950d4848a65ccb80294c50d1dce178d87616c"}
,"C:\\Users\\Atharva Nair\\subzero\\backend\\domain\\engines\\DuplicateDetectionEngine.js": {"path":"C:\\Users\\Atharva Nair\\subzero\\backend\\domain\\engines\\DuplicateDetectionEngine.js","statementMap":{"0":{"start":{"line":1,"column":36},"end":{"line":1,"column":76}},"1":{"start":{"line":5,"column":4},"end":{"line":5,"column":48}},"2":{"start":{"line":5,"column":35},"end":{"line":5,"column":48}},"3":{"start":{"line":6,"column":4},"end":{"line":6,"column":76}},"4":{"start":{"line":6,"column":63},"end":{"line":6,"column":76}},"5":{"start":{"line":8,"column":18},"end":{"line":8,"column":47}},"6":{"start":{"line":9,"column":18},"end":{"line":9,"column":53}},"7":{"start":{"line":11,"column":4},"end":{"line":15,"column":60}},"8":{"start":{"line":18,"column":0},"end":{"line":18,"column":42}}},"fnMap":{"0":{"name":"(anonymous_0)","decl":{"start":{"line":4,"column":2},"end":{"line":4,"column":3}},"loc":{"start":{"line":4,"column":105},"end":{"line":16,"column":3}},"line":4}},"branchMap":{"0":{"loc":{"start":{"line":5,"column":4},"end":{"line":5,"column":48}},"type":"if","locations":[{"start":{"line":5,"column":4},"end":{"line":5,"column":48}},{"start":{},"end":{}}],"line":5},"1":{"loc":{"start":{"line":6,"column":4},"end":{"line":6,"column":76}},"type":"if","locations":[{"start":{"line":6,"column":4},"end":{"line":6,"column":76}},{"start":{},"end":{}}],"line":6},"2":{"loc":{"start":{"line":8,"column":19},"end":{"line":8,"column":32}},"type":"binary-expr","locations":[{"start":{"line":8,"column":19},"end":{"line":8,"column":26}},{"start":{"line":8,"column":30},"end":{"line":8,"column":32}}],"line":8},"3":{"loc":{"start":{"line":9,"column":19},"end":{"line":9,"column":38}},"type":"binary-expr","locations":[{"start":{"line":9,"column":19},"end":{"line":9,"column":32}},{"start":{"line":9,"column":36},"end":{"line":9,"column":38}}],"line":9},"4":{"loc":{"start":{"line":11,"column":11},"end":{"line":15,"column":59}},"type":"binary-expr","locations":[{"start":{"line":11,"column":11},"end":{"line":11,"column":26}},{"start":{"line":12,"column":11},"end":{"line":12,"column":32}},{"start":{"line":13,"column":11},"end":{"line":13,"column":32}},{"start":{"line":14,"column":11},"end":{"line":14,"column":59}},{"start":{"line":15,"column":11},"end":{"line":15,"column":59}}],"line":11}},"s":{"0":1,"1":8,"2":1,"3":7,"4":1,"5":6,"6":6,"7":6,"8":1},"f":{"0":8},"b":{"0":[1,7],"1":[1,6],"2":[6,1],"3":[6,0],"4":[6,5,4,2,1]},"_coverageSchema":"1a1c01bbd47fc00a2c39e90264f33305004495a9","hash":"1803a5a2d8a7368fa10cb0e13261515447c20845"}
,"C:\\Users\\Atharva Nair\\subzero\\backend\\domain\\engines\\FinancialHealthEngine.js": {"path":"C:\\Users\\Atharva Nair\\subzero\\backend\\domain\\engines\\FinancialHealthEngine.js","statementMap":{"0":{"start":{"line":1,"column":24},"end":{"line":1,"column":52}},"1":{"start":{"line":5,"column":22},"end":{"line":5,"column":64}},"2":{"start":{"line":6,"column":23},"end":{"line":6,"column":108}},"3":{"start":{"line":6,"column":60},"end":{"line":6,"column":101}},"4":{"start":{"line":8,"column":20},"end":{"line":8,"column":50}},"5":{"start":{"line":10,"column":4},"end":{"line":10,"column":39}},"6":{"start":{"line":10,"column":23},"end":{"line":10,"column":39}},"7":{"start":{"line":11,"column":4},"end":{"line":11,"column":55}},"8":{"start":{"line":11,"column":39},"end":{"line":11,"column":55}},"9":{"start":{"line":13,"column":4},"end":{"line":13,"column":54}},"10":{"start":{"line":14,"column":4},"end":{"line":14,"column":56}},"11":{"start":{"line":14,"column":41},"end":{"line":14,"column":56}},"12":{"start":{"line":16,"column":4},"end":{"line":16,"column":33}},"13":{"start":{"line":20,"column":4},"end":{"line":20,"column":65}},"14":{"start":{"line":20,"column":54},"end":{"line":20,"column":65}},"15":{"start":{"line":22,"column":21},"end":{"line":22,"column":22}},"16":{"start":{"line":23,"column":4},"end":{"line":25,"column":5}},"17":{"start":{"line":24,"column":6},"end":{"line":24,"column":104}},"18":{"start":{"line":26,"column":4},"end":{"line":26,"column":57}},"19":{"start":{"line":30,"column":22},"end":{"line":30,"column":64}},"20":{"start":{"line":31,"column":23},"end":{"line":33,"column":5}},"21":{"start":{"line":32,"column":7},"end":{"line":32,"column":71}},"22":{"start":{"line":34,"column":23},"end":{"line":34,"column":101}},"23":{"start":{"line":34,"column":53},"end":{"line":34,"column":94}},"24":{"start":{"line":35,"column":4},"end":{"line":35,"column":34}},"25":{"start":{"line":39,"column":4},"end":{"line":39,"column":64}},"26":{"start":{"line":43,"column":4},"end":{"line":43,"column":68}},"27":{"start":{"line":43,"column":50},"end":{"line":43,"column":63}},"28":{"start":{"line":46,"column":0},"end":{"line":46,"column":39}}},"fnMap":{"0":{"name":"(anonymous_0)","decl":{"start":{"line":4,"column":2},"end":{"line":4,"column":3}},"loc":{"start":{"line":4,"column":80},"end":{"line":17,"column":3}},"line":4},"1":{"name":"(anonymous_1)","decl":{"start":{"line":6,"column":53},"end":{"line":6,"column":54}},"loc":{"start":{"line":6,"column":60},"end":{"line":6,"column":101}},"line":6},"2":{"name":"(anonymous_2)","decl":{"start":{"line":19,"column":2},"end":{"line":19,"column":3}},"loc":{"start":{"line":19,"column":50},"end":{"line":27,"column":3}},"line":19},"3":{"name":"(anonymous_3)","decl":{"start":{"line":29,"column":2},"end":{"line":29,"column":3}},"loc":{"start":{"line":29,"column":78},"end":{"line":36,"column":3}},"line":29},"4":{"name":"(anonymous_4)","decl":{"start":{"line":31,"column":48},"end":{"line":31,"column":49}},"loc":{"start":{"line":32,"column":7},"end":{"line":32,"column":71}},"line":32},"5":{"name":"(anonymous_5)","decl":{"start":{"line":34,"column":46},"end":{"line":34,"column":47}},"loc":{"start":{"line":34,"column":53},"end":{"line":34,"column":94}},"line":34},"6":{"name":"(anonymous_6)","decl":{"start":{"line":38,"column":2},"end":{"line":38,"column":3}},"loc":{"start":{"line":38,"column":70},"end":{"line":40,"column":3}},"line":38},"7":{"name":"(anonymous_7)","decl":{"start":{"line":42,"column":2},"end":{"line":42,"column":3}},"loc":{"start":{"line":42,"column":65},"end":{"line":44,"column":3}},"line":42},"8":{"name":"(anonymous_8)","decl":{"start":{"line":43,"column":38},"end":{"line":43,"column":39}},"loc":{"start":{"line":43,"column":50},"end":{"line":43,"column":63}},"line":43}},"branchMap":{"0":{"loc":{"start":{"line":6,"column":32},"end":{"line":6,"column":47}},"type":"binary-expr","locations":[{"start":{"line":6,"column":32},"end":{"line":6,"column":41}},{"start":{"line":6,"column":45},"end":{"line":6,"column":47}}],"line":6},"1":{"loc":{"start":{"line":10,"column":4},"end":{"line":10,"column":39}},"type":"if","locations":[{"start":{"line":10,"column":4},"end":{"line":10,"column":39}},{"start":{},"end":{}}],"line":10},"2":{"loc":{"start":{"line":11,"column":4},"end":{"line":11,"column":55}},"type":"if","locations":[{"start":{"line":11,"column":4},"end":{"line":11,"column":55}},{"start":{},"end":{}}],"line":11},"3":{"loc":{"start":{"line":11,"column":8},"end":{"line":11,"column":37}},"type":"binary-expr","locations":[{"start":{"line":11,"column":8},"end":{"line":11,"column":19}},{"start":{"line":11,"column":23},"end":{"line":11,"column":37}}],"line":11},"4":{"loc":{"start":{"line":14,"column":4},"end":{"line":14,"column":56}},"type":"if","locations":[{"start":{"line":14,"column":4},"end":{"line":14,"column":56}},{"start":{},"end":{}}],"line":14},"5":{"loc":{"start":{"line":14,"column":7},"end":{"line":14,"column":39}},"type":"binary-expr","locations":[{"start":{"line":14,"column":7},"end":{"line":14,"column":23}},{"start":{"line":14,"column":27},"end":{"line":14,"column":39}}],"line":14},"6":{"loc":{"start":{"line":20,"column":4},"end":{"line":20,"column":65}},"type":"if","locations":[{"start":{"line":20,"column":4},"end":{"line":20,"column":65}},{"start":{},"end":{}}],"line":20},"7":{"loc":{"start":{"line":20,"column":8},"end":{"line":20,"column":52}},"type":"binary-expr","locations":[{"start":{"line":20,"column":8},"end":{"line":20,"column":22}},{"start":{"line":20,"column":26},"end":{"line":20,"column":52}}],"line":20},"8":{"loc":{"start":{"line":29,"column":54},"end":{"line":29,"column":76}},"type":"default-arg","locations":[{"start":{"line":29,"column":66},"end":{"line":29,"column":76}}],"line":29},"9":{"loc":{"start":{"line":31,"column":24},"end":{"line":31,"column":39}},"type":"binary-expr","locations":[{"start":{"line":31,"column":24},"end":{"line":31,"column":33}},{"start":{"line":31,"column":37},"end":{"line":31,"column":39}}],"line":31}},"s":{"0":1,"1":6,"2":6,"3":15,"4":6,"5":6,"6":2,"7":6,"8":2,"9":6,"10":6,"11":2,"12":6,"13":3,"14":2,"15":1,"16":1,"17":2,"18":1,"19":1,"20":1,"21":3,"22":1,"23":2,"24":1,"25":1,"26":2,"27":2,"28":1},"f":{"0":6,"1":15,"2":3,"3":1,"4":3,"5":2,"6":1,"7":2,"8":2},"b":{"0":[6,0],"1":[2,4],"2":[2,4],"3":[6,2],"4":[2,4],"5":[6,3],"6":[2,1],"7":[3,2],"8":[0],"9":[1,0]},"_coverageSchema":"1a1c01bbd47fc00a2c39e90264f33305004495a9","hash":"7a48f13332e5408fd453f67e2aa2774f8c690df2"}
,"C:\\Users\\Atharva Nair\\subzero\\backend\\domain\\engines\\GoalAllocationEngine.js": {"path":"C:\\Users\\Atharva Nair\\subzero\\backend\\domain\\engines\\GoalAllocationEngine.js","statementMap":{"0":{"start":{"line":3,"column":4},"end":{"line":5,"column":5}},"1":{"start":{"line":4,"column":6},"end":{"line":4,"column":43}},"2":{"start":{"line":6,"column":4},"end":{"line":6,"column":64}},"3":{"start":{"line":10,"column":16},"end":{"line":10,"column":17}},"4":{"start":{"line":11,"column":4},"end":{"line":13,"column":5}},"5":{"start":{"line":12,"column":6},"end":{"line":12,"column":68}},"6":{"start":{"line":14,"column":4},"end":{"line":14,"column":17}},"7":{"start":{"line":18,"column":25},"end":{"line":18,"column":100}},"8":{"start":{"line":19,"column":22},"end":{"line":19,"column":82}},"9":{"start":{"line":21,"column":4},"end":{"line":21,"column":60}},"10":{"start":{"line":24,"column":0},"end":{"line":24,"column":38}}},"fnMap":{"0":{"name":"(anonymous_0)","decl":{"start":{"line":2,"column":2},"end":{"line":2,"column":3}},"loc":{"start":{"line":2,"column":56},"end":{"line":7,"column":3}},"line":2},"1":{"name":"(anonymous_1)","decl":{"start":{"line":9,"column":2},"end":{"line":9,"column":3}},"loc":{"start":{"line":9,"column":72},"end":{"line":15,"column":3}},"line":9},"2":{"name":"(anonymous_2)","decl":{"start":{"line":17,"column":2},"end":{"line":17,"column":3}},"loc":{"start":{"line":17,"column":89},"end":{"line":22,"column":3}},"line":17}},"branchMap":{"0":{"loc":{"start":{"line":3,"column":4},"end":{"line":5,"column":5}},"type":"if","locations":[{"start":{"line":3,"column":4},"end":{"line":5,"column":5}},{"start":{},"end":{}}],"line":3}},"s":{"0":8,"1":6,"2":2,"3":4,"4":4,"5":4,"6":4,"7":2,"8":2,"9":2,"10":1},"f":{"0":8,"1":4,"2":2},"b":{"0":[6,2]},"_coverageSchema":"1a1c01bbd47fc00a2c39e90264f33305004495a9","hash":"f8b50ee895ebdbc3128ad3fefff385cb133d1817"}
,"C:\\Users\\Atharva Nair\\subzero\\backend\\domain\\engines\\IncomeCycleEngine.js": {"path":"C:\\Users\\Atharva Nair\\subzero\\backend\\domain\\engines\\IncomeCycleEngine.js","statementMap":{"0":{"start":{"line":1,"column":24},"end":{"line":1,"column":52}},"1":{"start":{"line":5,"column":4},"end":{"line":5,"column":63}},"2":{"start":{"line":8,"column":0},"end":{"line":8,"column":35}}},"fnMap":{"0":{"name":"(anonymous_0)","decl":{"start":{"line":4,"column":2},"end":{"line":4,"column":3}},"loc":{"start":{"line":4,"column":37},"end":{"line":6,"column":3}},"line":4}},"branchMap":{},"s":{"0":1,"1":1,"2":1},"f":{"0":1},"b":{},"_coverageSchema":"1a1c01bbd47fc00a2c39e90264f33305004495a9","hash":"7a34b68f605570ff8dd2111e61c3f64c3b02eaca"}
,"C:\\Users\\Atharva Nair\\subzero\\backend\\domain\\engines\\IncomeDetectionEngine.js": {"path":"C:\\Users\\Atharva Nair\\subzero\\backend\\domain\\engines\\IncomeDetectionEngine.js","statementMap":{"0":{"start":{"line":1,"column":36},"end":{"line":1,"column":76}},"1":{"start":{"line":5,"column":26},"end":{"line":5,"column":85}},"2":{"start":{"line":6,"column":24},"end":{"line":6,"column":79}},"3":{"start":{"line":7,"column":4},"end":{"line":7,"column":86}},"4":{"start":{"line":11,"column":4},"end":{"line":11,"column":64}},"5":{"start":{"line":14,"column":0},"end":{"line":14,"column":39}}},"fnMap":{"0":{"name":"(anonymous_0)","decl":{"start":{"line":4,"column":2},"end":{"line":4,"column":3}},"loc":{"start":{"line":4,"column":51},"end":{"line":8,"column":3}},"line":4},"1":{"name":"(anonymous_1)","decl":{"start":{"line":10,"column":2},"end":{"line":10,"column":3}},"loc":{"start":{"line":10,"column":70},"end":{"line":12,"column":3}},"line":10}},"branchMap":{"0":{"loc":{"start":{"line":7,"column":11},"end":{"line":7,"column":85}},"type":"binary-expr","locations":[{"start":{"line":7,"column":11},"end":{"line":7,"column":46}},{"start":{"line":7,"column":50},"end":{"line":7,"column":85}}],"line":7},"1":{"loc":{"start":{"line":10,"column":53},"end":{"line":10,"column":68}},"type":"default-arg","locations":[{"start":{"line":10,"column":65},"end":{"line":10,"column":68}}],"line":10}},"s":{"0":1,"1":4,"2":4,"3":4,"4":5,"5":1},"f":{"0":4,"1":5},"b":{"0":[4,2],"1":[3]},"_coverageSchema":"1a1c01bbd47fc00a2c39e90264f33305004495a9","hash":"4d21d7ee0d9eec0979d4b4cf902db3e89004cb83"}
,"C:\\Users\\Atharva Nair\\subzero\\backend\\domain\\engines\\MerchantNormalizationEngine.js": {"path":"C:\\Users\\Atharva Nair\\subzero\\backend\\domain\\engines\\MerchantNormalizationEngine.js","statementMap":{"0":{"start":{"line":3,"column":4},"end":{"line":3,"column":88}},"1":{"start":{"line":7,"column":18},"end":{"line":7,"column":44}},"2":{"start":{"line":8,"column":4},"end":{"line":8,"column":88}},"3":{"start":{"line":12,"column":22},"end":{"line":12,"column":47}},"4":{"start":{"line":13,"column":22},"end":{"line":13,"column":47}},"5":{"start":{"line":14,"column":4},"end":{"line":14,"column":46}},"6":{"start":{"line":14,"column":33},"end":{"line":14,"column":46}},"7":{"start":{"line":15,"column":4},"end":{"line":15,"column":46}},"8":{"start":{"line":15,"column":33},"end":{"line":15,"column":46}},"9":{"start":{"line":16,"column":4},"end":{"line":16,"column":17}},"10":{"start":{"line":19,"column":0},"end":{"line":19,"column":45}}},"fnMap":{"0":{"name":"(anonymous_0)","decl":{"start":{"line":2,"column":2},"end":{"line":2,"column":3}},"loc":{"start":{"line":2,"column":37},"end":{"line":4,"column":3}},"line":2},"1":{"name":"(anonymous_1)","decl":{"start":{"line":6,"column":2},"end":{"line":6,"column":3}},"loc":{"start":{"line":6,"column":29},"end":{"line":9,"column":3}},"line":6},"2":{"name":"(anonymous_2)","decl":{"start":{"line":11,"column":2},"end":{"line":11,"column":3}},"loc":{"start":{"line":11,"column":43},"end":{"line":17,"column":3}},"line":11}},"branchMap":{"0":{"loc":{"start":{"line":3,"column":12},"end":{"line":3,"column":28}},"type":"binary-expr","locations":[{"start":{"line":3,"column":12},"end":{"line":3,"column":22}},{"start":{"line":3,"column":26},"end":{"line":3,"column":28}}],"line":3},"1":{"loc":{"start":{"line":7,"column":19},"end":{"line":7,"column":29}},"type":"binary-expr","locations":[{"start":{"line":7,"column":19},"end":{"line":7,"column":23}},{"start":{"line":7,"column":27},"end":{"line":7,"column":29}}],"line":7},"2":{"loc":{"start":{"line":8,"column":11},"end":{"line":8,"column":87}},"type":"binary-expr","locations":[{"start":{"line":8,"column":11},"end":{"line":8,"column":33}},{"start":{"line":8,"column":37},"end":{"line":8,"column":62}},{"start":{"line":8,"column":66},"end":{"line":8,"column":87}}],"line":8},"3":{"loc":{"start":{"line":14,"column":4},"end":{"line":14,"column":46}},"type":"if","locations":[{"start":{"line":14,"column":4},"end":{"line":14,"column":46}},{"start":{},"end":{}}],"line":14},"4":{"loc":{"start":{"line":14,"column":8},"end":{"line":14,"column":31}},"type":"binary-expr","locations":[{"start":{"line":14,"column":8},"end":{"line":14,"column":17}},{"start":{"line":14,"column":21},"end":{"line":14,"column":31}}],"line":14},"5":{"loc":{"start":{"line":15,"column":4},"end":{"line":15,"column":46}},"type":"if","locations":[{"start":{"line":15,"column":4},"end":{"line":15,"column":46}},{"start":{},"end":{}}],"line":15},"6":{"loc":{"start":{"line":15,"column":8},"end":{"line":15,"column":31}},"type":"binary-expr","locations":[{"start":{"line":15,"column":8},"end":{"line":15,"column":17}},{"start":{"line":15,"column":21},"end":{"line":15,"column":31}}],"line":15}},"s":{"0":12,"1":17,"2":17,"3":4,"4":4,"5":4,"6":1,"7":3,"8":1,"9":2,"10":3},"f":{"0":12,"1":17,"2":4},"b":{"0":[12,2],"1":[17,1],"2":[17,13,12],"3":[1,3],"4":[4,2],"5":[1,2],"6":[3,2]},"_coverageSchema":"1a1c01bbd47fc00a2c39e90264f33305004495a9","hash":"090cf4aeb254c11fcabfd0892d6ecb254eaa1d15"}
,"C:\\Users\\Atharva Nair\\subzero\\backend\\domain\\engines\\NotificationDecisionEngine.js": {"path":"C:\\Users\\Atharva Nair\\subzero\\backend\\domain\\engines\\NotificationDecisionEngine.js","statementMap":{"0":{"start":{"line":1,"column":24},"end":{"line":1,"column":52}},"1":{"start":{"line":5,"column":29},"end":{"line":5,"column":85}},"2":{"start":{"line":6,"column":4},"end":{"line":6,"column":57}},"3":{"start":{"line":10,"column":4},"end":{"line":10,"column":104}},"4":{"start":{"line":14,"column":4},"end":{"line":14,"column":63}},"5":{"start":{"line":14,"column":50},"end":{"line":14,"column":63}},"6":{"start":{"line":15,"column":22},"end":{"line":15,"column":65}},"7":{"start":{"line":16,"column":4},"end":{"line":16,"column":36}},"8":{"start":{"line":20,"column":5},"end":{"line":20,"column":60}},"9":{"start":{"line":20,"column":51},"end":{"line":20,"column":60}},"10":{"start":{"line":21,"column":5},"end":{"line":21,"column":56}},"11":{"start":{"line":24,"column":0},"end":{"line":24,"column":44}}},"fnMap":{"0":{"name":"(anonymous_0)","decl":{"start":{"line":4,"column":2},"end":{"line":4,"column":3}},"loc":{"start":{"line":4,"column":73},"end":{"line":7,"column":3}},"line":4},"1":{"name":"(anonymous_1)","decl":{"start":{"line":9,"column":2},"end":{"line":9,"column":3}},"loc":{"start":{"line":9,"column":76},"end":{"line":11,"column":3}},"line":9},"2":{"name":"(anonymous_2)","decl":{"start":{"line":13,"column":2},"end":{"line":13,"column":3}},"loc":{"start":{"line":13,"column":66},"end":{"line":17,"column":3}},"line":13},"3":{"name":"(anonymous_3)","decl":{"start":{"line":19,"column":2},"end":{"line":19,"column":3}},"loc":{"start":{"line":19,"column":36},"end":{"line":22,"column":3}},"line":19}},"branchMap":{"0":{"loc":{"start":{"line":4,"column":49},"end":{"line":4,"column":71}},"type":"default-arg","locations":[{"start":{"line":4,"column":61},"end":{"line":4,"column":71}}],"line":4},"1":{"loc":{"start":{"line":6,"column":11},"end":{"line":6,"column":56}},"type":"binary-expr","locations":[{"start":{"line":6,"column":11},"end":{"line":6,"column":32}},{"start":{"line":6,"column":36},"end":{"line":6,"column":56}}],"line":6},"2":{"loc":{"start":{"line":9,"column":52},"end":{"line":9,"column":74}},"type":"default-arg","locations":[{"start":{"line":9,"column":64},"end":{"line":9,"column":74}}],"line":9},"3":{"loc":{"start":{"line":10,"column":11},"end":{"line":10,"column":103}},"type":"binary-expr","locations":[{"start":{"line":10,"column":12},"end":{"line":10,"column":22}},{"start":{"line":10,"column":26},"end":{"line":10,"column":48}},{"start":{"line":10,"column":53},"end":{"line":10,"column":103}}],"line":10},"4":{"loc":{"start":{"line":14,"column":4},"end":{"line":14,"column":63}},"type":"if","locations":[{"start":{"line":14,"column":4},"end":{"line":14,"column":63}},{"start":{},"end":{}}],"line":14},"5":{"loc":{"start":{"line":14,"column":8},"end":{"line":14,"column":48}},"type":"binary-expr","locations":[{"start":{"line":14,"column":8},"end":{"line":14,"column":21}},{"start":{"line":14,"column":25},"end":{"line":14,"column":48}}],"line":14},"6":{"loc":{"start":{"line":20,"column":5},"end":{"line":20,"column":60}},"type":"if","locations":[{"start":{"line":20,"column":5},"end":{"line":20,"column":60}},{"start":{},"end":{}}],"line":20},"7":{"loc":{"start":{"line":20,"column":9},"end":{"line":20,"column":49}},"type":"binary-expr","locations":[{"start":{"line":20,"column":9},"end":{"line":20,"column":22}},{"start":{"line":20,"column":26},"end":{"line":20,"column":49}}],"line":20}},"s":{"0":1,"1":5,"2":5,"3":4,"4":4,"5":2,"6":2,"7":2,"8":4,"9":3,"10":1,"11":1},"f":{"0":5,"1":4,"2":4,"3":4},"b":{"0":[5],"1":[5,4],"2":[4],"3":[4,3,3],"4":[2,2],"5":[4,3],"6":[3,1],"7":[4,3]},"_coverageSchema":"1a1c01bbd47fc00a2c39e90264f33305004495a9","hash":"808b8cc44bcab48f7a747489a9503cf2f375f505"}
,"C:\\Users\\Atharva Nair\\subzero\\backend\\domain\\engines\\TransactionParsingEngine.js": {"path":"C:\\Users\\Atharva Nair\\subzero\\backend\\domain\\engines\\TransactionParsingEngine.js","statementMap":{"0":{"start":{"line":3,"column":23},"end":{"line":3,"column":88}},"1":{"start":{"line":4,"column":4},"end":{"line":4,"column":44}},"2":{"start":{"line":8,"column":4},"end":{"line":10,"column":5}},"3":{"start":{"line":9,"column":6},"end":{"line":9,"column":22}},"4":{"start":{"line":11,"column":4},"end":{"line":11,"column":19}},"5":{"start":{"line":14,"column":0},"end":{"line":14,"column":42}}},"fnMap":{"0":{"name":"(anonymous_0)","decl":{"start":{"line":2,"column":2},"end":{"line":2,"column":3}},"loc":{"start":{"line":2,"column":34},"end":{"line":5,"column":3}},"line":2},"1":{"name":"(anonymous_1)","decl":{"start":{"line":7,"column":2},"end":{"line":7,"column":3}},"loc":{"start":{"line":7,"column":40},"end":{"line":12,"column":3}},"line":7}},"branchMap":{"0":{"loc":{"start":{"line":4,"column":11},"end":{"line":4,"column":43}},"type":"cond-expr","locations":[{"start":{"line":4,"column":24},"end":{"line":4,"column":37}},{"start":{"line":4,"column":40},"end":{"line":4,"column":43}}],"line":4},"1":{"loc":{"start":{"line":8,"column":4},"end":{"line":10,"column":5}},"type":"if","locations":[{"start":{"line":8,"column":4},"end":{"line":10,"column":5}},{"start":{},"end":{}}],"line":8}},"s":{"0":7,"1":7,"2":5,"3":4,"4":1,"5":1},"f":{"0":7,"1":5},"b":{"0":[6,1],"1":[4,1]},"_coverageSchema":"1a1c01bbd47fc00a2c39e90264f33305004495a9","hash":"14f909ee39a66f0301b8c15907f7da5d76b384e1"}
,"C:\\Users\\Atharva Nair\\subzero\\backend\\repositories\\BudgetRepository.js": {"path":"C:\\Users\\Atharva Nair\\subzero\\backend\\repositories\\BudgetRepository.js","statementMap":{"0":{"start":{"line":1,"column":23},"end":{"line":1,"column":58}},"1":{"start":{"line":2,"column":20},"end":{"line":2,"column":52}},"2":{"start":{"line":6,"column":4},"end":{"line":6,"column":45}},"3":{"start":{"line":10,"column":4},"end":{"line":10,"column":60}},"4":{"start":{"line":14,"column":16},"end":{"line":14,"column":43}},"5":{"start":{"line":16,"column":4},"end":{"line":16,"column":55}},"6":{"start":{"line":16,"column":22},"end":{"line":16,"column":55}},"7":{"start":{"line":17,"column":4},"end":{"line":17,"column":58}},"8":{"start":{"line":17,"column":23},"end":{"line":17,"column":58}},"9":{"start":{"line":18,"column":4},"end":{"line":18,"column":55}},"10":{"start":{"line":18,"column":22},"end":{"line":18,"column":55}},"11":{"start":{"line":19,"column":4},"end":{"line":19,"column":67}},"12":{"start":{"line":19,"column":26},"end":{"line":19,"column":67}},"13":{"start":{"line":20,"column":4},"end":{"line":20,"column":69}},"14":{"start":{"line":20,"column":28},"end":{"line":20,"column":69}},"15":{"start":{"line":21,"column":4},"end":{"line":21,"column":43}},"16":{"start":{"line":21,"column":22},"end":{"line":21,"column":43}},"17":{"start":{"line":23,"column":4},"end":{"line":23,"column":30}},"18":{"start":{"line":27,"column":19},"end":{"line":27,"column":43}},"19":{"start":{"line":28,"column":4},"end":{"line":28,"column":31}},"20":{"start":{"line":32,"column":4},"end":{"line":32,"column":49}},"21":{"start":{"line":36,"column":4},"end":{"line":36,"column":67}},"22":{"start":{"line":40,"column":4},"end":{"line":40,"column":68}},"23":{"start":{"line":44,"column":4},"end":{"line":44,"column":50}},"24":{"start":{"line":48,"column":4},"end":{"line":48,"column":51}},"25":{"start":{"line":52,"column":4},"end":{"line":52,"column":74}},"26":{"start":{"line":56,"column":4},"end":{"line":56,"column":71}},"27":{"start":{"line":60,"column":4},"end":{"line":60,"column":57}},"28":{"start":{"line":64,"column":4},"end":{"line":64,"column":54}},"29":{"start":{"line":68,"column":4},"end":{"line":68,"column":52}},"30":{"start":{"line":72,"column":4},"end":{"line":72,"column":55}},"31":{"start":{"line":76,"column":4},"end":{"line":76,"column":47}},"32":{"start":{"line":80,"column":4},"end":{"line":80,"column":56}},"33":{"start":{"line":84,"column":0},"end":{"line":84,"column":40}}},"fnMap":{"0":{"name":"(anonymous_0)","decl":{"start":{"line":5,"column":2},"end":{"line":5,"column":3}},"loc":{"start":{"line":5,"column":21},"end":{"line":7,"column":3}},"line":5},"1":{"name":"(anonymous_1)","decl":{"start":{"line":9,"column":2},"end":{"line":9,"column":3}},"loc":{"start":{"line":9,"column":41},"end":{"line":11,"column":3}},"line":9},"2":{"name":"(anonymous_2)","decl":{"start":{"line":13,"column":2},"end":{"line":13,"column":3}},"loc":{"start":{"line":13,"column":39},"end":{"line":24,"column":3}},"line":13},"3":{"name":"(anonymous_3)","decl":{"start":{"line":26,"column":2},"end":{"line":26,"column":3}},"loc":{"start":{"line":26,"column":21},"end":{"line":29,"column":3}},"line":26},"4":{"name":"(anonymous_4)","decl":{"start":{"line":31,"column":2},"end":{"line":31,"column":3}},"loc":{"start":{"line":31,"column":25},"end":{"line":33,"column":3}},"line":31},"5":{"name":"(anonymous_5)","decl":{"start":{"line":35,"column":2},"end":{"line":35,"column":3}},"loc":{"start":{"line":35,"column":48},"end":{"line":37,"column":3}},"line":35},"6":{"name":"(anonymous_6)","decl":{"start":{"line":39,"column":2},"end":{"line":39,"column":3}},"loc":{"start":{"line":39,"column":49},"end":{"line":41,"column":3}},"line":39},"7":{"name":"(anonymous_7)","decl":{"start":{"line":43,"column":2},"end":{"line":43,"column":3}},"loc":{"start":{"line":43,"column":26},"end":{"line":45,"column":3}},"line":43},"8":{"name":"(anonymous_8)","decl":{"start":{"line":47,"column":2},"end":{"line":47,"column":3}},"loc":{"start":{"line":47,"column":27},"end":{"line":49,"column":3}},"line":47},"9":{"name":"(anonymous_9)","decl":{"start":{"line":51,"column":2},"end":{"line":51,"column":3}},"loc":{"start":{"line":51,"column":55},"end":{"line":53,"column":3}},"line":51},"10":{"name":"(anonymous_10)","decl":{"start":{"line":55,"column":2},"end":{"line":55,"column":3}},"loc":{"start":{"line":55,"column":52},"end":{"line":57,"column":3}},"line":55},"11":{"name":"(anonymous_11)","decl":{"start":{"line":59,"column":2},"end":{"line":59,"column":3}},"loc":{"start":{"line":59,"column":33},"end":{"line":61,"column":3}},"line":59},"12":{"name":"(anonymous_12)","decl":{"start":{"line":63,"column":2},"end":{"line":63,"column":3}},"loc":{"start":{"line":63,"column":30},"end":{"line":65,"column":3}},"line":63},"13":{"name":"(anonymous_13)","decl":{"start":{"line":67,"column":2},"end":{"line":67,"column":3}},"loc":{"start":{"line":67,"column":28},"end":{"line":69,"column":3}},"line":67},"14":{"name":"(anonymous_14)","decl":{"start":{"line":71,"column":2},"end":{"line":71,"column":3}},"loc":{"start":{"line":71,"column":22},"end":{"line":73,"column":3}},"line":71},"15":{"name":"(anonymous_15)","decl":{"start":{"line":75,"column":2},"end":{"line":75,"column":3}},"loc":{"start":{"line":75,"column":23},"end":{"line":77,"column":3}},"line":75},"16":{"name":"(anonymous_16)","decl":{"start":{"line":79,"column":2},"end":{"line":79,"column":3}},"loc":{"start":{"line":79,"column":37},"end":{"line":81,"column":3}},"line":79}},"branchMap":{"0":{"loc":{"start":{"line":9,"column":24},"end":{"line":9,"column":39}},"type":"default-arg","locations":[{"start":{"line":9,"column":37},"end":{"line":9,"column":39}}],"line":9},"1":{"loc":{"start":{"line":13,"column":25},"end":{"line":13,"column":37}},"type":"default-arg","locations":[{"start":{"line":13,"column":35},"end":{"line":13,"column":37}}],"line":13},"2":{"loc":{"start":{"line":16,"column":4},"end":{"line":16,"column":55}},"type":"if","locations":[{"start":{"line":16,"column":4},"end":{"line":16,"column":55}},{"start":{},"end":{}}],"line":16},"3":{"loc":{"start":{"line":17,"column":4},"end":{"line":17,"column":58}},"type":"if","locations":[{"start":{"line":17,"column":4},"end":{"line":17,"column":58}},{"start":{},"end":{}}],"line":17},"4":{"loc":{"start":{"line":18,"column":4},"end":{"line":18,"column":55}},"type":"if","locations":[{"start":{"line":18,"column":4},"end":{"line":18,"column":55}},{"start":{},"end":{}}],"line":18},"5":{"loc":{"start":{"line":19,"column":4},"end":{"line":19,"column":67}},"type":"if","locations":[{"start":{"line":19,"column":4},"end":{"line":19,"column":67}},{"start":{},"end":{}}],"line":19},"6":{"loc":{"start":{"line":20,"column":4},"end":{"line":20,"column":69}},"type":"if","locations":[{"start":{"line":20,"column":4},"end":{"line":20,"column":69}},{"start":{},"end":{}}],"line":20},"7":{"loc":{"start":{"line":21,"column":4},"end":{"line":21,"column":43}},"type":"if","locations":[{"start":{"line":21,"column":4},"end":{"line":21,"column":43}},{"start":{},"end":{}}],"line":21},"8":{"loc":{"start":{"line":35,"column":34},"end":{"line":35,"column":46}},"type":"default-arg","locations":[{"start":{"line":35,"column":44},"end":{"line":35,"column":46}}],"line":35},"9":{"loc":{"start":{"line":39,"column":35},"end":{"line":39,"column":47}},"type":"default-arg","locations":[{"start":{"line":39,"column":45},"end":{"line":39,"column":47}}],"line":39},"10":{"loc":{"start":{"line":51,"column":41},"end":{"line":51,"column":53}},"type":"default-arg","locations":[{"start":{"line":51,"column":51},"end":{"line":51,"column":53}}],"line":51},"11":{"loc":{"start":{"line":55,"column":38},"end":{"line":55,"column":50}},"type":"default-arg","locations":[{"start":{"line":55,"column":48},"end":{"line":55,"column":50}}],"line":55},"12":{"loc":{"start":{"line":79,"
[...]
,"C:\\Users\\Atharva Nair\\subzero\\backend\\src\\parser\\normalizer\\pipeline.js": {"path":"C:\\Users\\Atharva Nair\\subzero\\backend\\src\\parser\\normalizer\\pipeline.js","statementMap":{"0":{"start":{"line":1,"column":19},"end":{"line":1,"column":52}},"1":{"start":{"line":2,"column":22},"end":{"line":2,"column":59}},"2":{"start":{"line":3,"column":21},"end":{"line":3,"column":57}},"3":{"start":{"line":4,"column":24},"end":{"line":4,"column":63}},"4":{"start":{"line":5,"column":20},"end":{"line":5,"column":49}},"5":{"start":{"line":9,"column":8},"end":{"line":15,"column":10}},"6":{"start":{"line":19,"column":21},"end":{"line":19,"column":29}},"7":{"start":{"line":20,"column":8},"end":{"line":22,"column":9}},"8":{"start":{"line":21,"column":12},"end":{"line":21,"column":35}},"9":{"start":{"line":23,"column":8},"end":{"line":23,"column":22}},"10":{"start":{"line":27,"column":0},"end":{"line":27,"column":45}}},"fnMap":{"0":{"name":"(anonymous_0)","decl":{"start":{"line":8,"column":4},"end":{"line":8,"column":5}},"loc":{"start":{"line":8,"column":18},"end":{"line":16,"column":5}},"line":8},"1":{"name":"(anonymous_1)","decl":{"start":{"line":18,"column":4},"end":{"line":18,"column":5}},"loc":{"start":{"line":18,"column":22},"end":{"line":24,"column":5}},"line":18}},"branchMap":{},"s":{"0":0,"1":0,"2":0,"3":0,"4":0,"5":0,"6":0,"7":0,"8":0,"9":0,"10":0},"f":{"0":0,"1":0},"b":{}}
,"C:\\Users\\Atharva Nair\\subzero\\backend\\src\\parser\\normalizer\\stages\\01-preprocess.js": {"path":"C:\\Users\\Atharva Nair\\subzero\\backend\\src\\parser\\normalizer\\stages\\01-preprocess.js","statementMap":{"0":{"start":{"line":1,"column":0},"end":{"line":26,"column":2}},"1":{"start":{"line":2,"column":4},"end":{"line":2,"column":26}},"2":{"start":{"line":2,"column":16},"end":{"line":2,"column":26}},"3":{"start":{"line":5,"column":21},"end":{"line":5,"column":47}},"4":{"start":{"line":8,"column":4},"end":{"line":8,"column":68}},"5":{"start":{"line":11,"column":20},"end":{"line":11,"column":67}},"6":{"start":{"line":12,"column":4},"end":{"line":14,"column":5}},"7":{"start":{"line":13,"column":8},"end":{"line":13,"column":32}},"8":{"start":{"line":17,"column":23},"end":{"line":17,"column":54}},"9":{"start":{"line":18,"column":4},"end":{"line":20,"column":5}},"10":{"start":{"line":19,"column":8},"end":{"line":19,"column":35}},"11":{"start":{"line":23,"column":4},"end":{"line":23,"column":56}},"12":{"start":{"line":25,"column":4},"end":{"line":25,"column":22}}},"fnMap":{"0":{"name":"preprocess","decl":{"start":{"line":1,"column":26},"end":{"line":1,"column":36}},"loc":{"start":{"line":1,"column":44},"end":{"line":26,"column":1}},"line":1}},"branchMap":{"0":{"loc":{"start":{"line":2,"column":4},"end":{"line":2,"column":26}},"type":"if","locations":[{"start":{"line":2,"column":4},"end":{"line":2,"column":26}},{"start":{},"end":{}}],"line":2},"1":{"loc":{"start":{"line":12,"column":4},"end":{"line":14,"column":5}},"type":"if","locations":[{"start":{"line":12,"column":4},"end":{"line":14,"column":5}},{"start":{},"end":{}}],"line":12},"2":{"loc":{"start":{"line":12,"column":8},"end":{"line":12,"column":29}},"type":"binary-expr","locations":[{"start":{"line":12,"column":8},"end":{"line":12,"column":15}},{"start":{"line":12,"column":19},"end":{"line":12,"column":29}}],"line":12},"3":{"loc":{"start":{"line":18,"column":4},"end":{"line":20,"column":5}},"type":"if","locations":[{"start":{"line":18,"column":4},"end":{"line":20,"column":5}},{"start":{},"end":{}}],"line":18},"4":{"loc":{"start":{"line":18,"column":8},"end":{"line":18,"column":35}},"type":"binary-expr","locations":[{"start":{"line":18,"column":8},"end":{"line":18,"column":18}},{"start":{"line":18,"column":22},"end":{"line":18,"column":35}}],"line":18}},"s":{"0":0,"1":0,"2":0,"3":0,"4":0,"5":0,"6":0,"7":0,"8":0,"9":0,"10":0,"11":0,"12":0},"f":{"0":0},"b":{"0":[0,0],"1":[0,0],"2":[0,0],"3":[0,0],"4":[0,0]}}
,"C:\\Users\\Atharva Nair\\subzero\\backend\\src\\parser\\normalizer\\stages\\02-strip-suffixes.js": {"path":"C:\\Users\\Atharva Nair\\subzero\\backend\\src\\parser\\normalizer\\stages\\02-strip-suffixes.js","statementMap":{"0":{"start":{"line":1,"column":17},"end":{"line":1,"column":57}},"1":{"start":{"line":3,"column":0},"end":{"line":22,"column":2}},"2":{"start":{"line":4,"column":4},"end":{"line":4,"column":26}},"3":{"start":{"line":4,"column":16},"end":{"line":4,"column":26}},"4":{"start":{"line":6,"column":23},"end":{"line":6,"column":28}},"5":{"start":{"line":9,"column":27},"end":{"line":9,"column":76}},"6":{"start":{"line":9,"column":56},"end":{"line":9,"column":75}},"7":{"start":{"line":11,"column":4},"end":{"line":19,"column":5}},"8":{"start":{"line":14,"column":22},"end":{"line":14,"column":79}},"9":{"start":{"line":15,"column":8},"end":{"line":18,"column":9}},"10":{"start":{"line":16,"column":12},"end":{"line":16,"column":66}},"11":{"start":{"line":17,"column":12},"end":{"line":17,"column":18}},"12":{"start":{"line":21,"column":4},"end":{"line":21,"column":24}}},"fnMap":{"0":{"name":"stripSuffixes","decl":{"start":{"line":3,"column":26},"end":{"line":3,"column":39}},"loc":{"start":{"line":3,"column":47},"end":{"line":22,"column":1}},"line":3},"1":{"name":"(anonymous_1)","decl":{"start":{"line":9,"column":46},"end":{"line":9,"column":47}},"loc":{"start":{"line":9,"column":56},"end":{"line":9,"column":75}},"line":9}},"branchMap":{"0":{"loc":{"start":{"line":4,"column":4},"end":{"line":4,"column":26}},"type":"if","locations":[{"start":{"line":4,"column":4},"end":{"line":4,"column":26}},{"start":{},"end":{}}],"line":4},"1":{"loc":{"start":{"line":15,"column":8},"end":{"line":18,"column":9}},"type":"if","locations":[{"start":{"line":15,"column":8},"end":{"line":18,"column":9}},{"start":{},"end":{}}],"line":15}},"s":{"0":0,"1":0,"2":0,"3":0,"4":0,"5":0,"6":0,"7":0,"8":0,"9":0,"10":0,"11":0,"12":0},"f":{"0":0,"1":0},"b":{"0":[0,0],"1":[0,0]}}
,"C:\\Users\\Atharva Nair\\subzero\\backend\\src\\parser\\normalizer\\stages\\03-regex-replace.js": {"path":"C:\\Users\\Atharva Nair\\subzero\\backend\\src\\parser\\normalizer\\stages\\03-regex-replace.js","statementMap":{"0":{"start":{"line":1,"column":14},"end":{"line":1,"column":57}},"1":{"start":{"line":3,"column":0},"end":{"line":15,"column":2}},"2":{"start":{"line":4,"column":4},"end":{"line":4,"column":26}},"3":{"start":{"line":4,"column":16},"end":{"line":4,"column":26}},"4":{"start":{"line":6,"column":23},"end":{"line":6,"column":28}},"5":{"start":{"line":8,"column":4},"end":{"line":11,"column":5}},"6":{"start":{"line":9,"column":22},"end":{"line":9,"column":52}},"7":{"start":{"line":10,"column":8},"end":{"line":10,"column":69}},"8":{"start":{"line":14,"column":4},"end":{"line":14,"column":52}}},"fnMap":{"0":{"name":"regexReplace","decl":{"start":{"line":3,"column":26},"end":{"line":3,"column":38}},"loc":{"start":{"line":3,"column":46},"end":{"line":15,"column":1}},"line":3}},"branchMap":{"0":{"loc":{"start":{"line":4,"column":4},"end":{"line":4,"column":26}},"type":"if","locations":[{"start":{"line":4,"column":4},"end":{"line":4,"column":26}},{"start":{},"end":{}}],"line":4}},"s":{"0":0,"1":0,"2":0,"3":0,"4":0,"5":0,"6":0,"7":0,"8":0},"f":{"0":0},"b":{"0":[0,0]}}
,"C:\\Users\\Atharva Nair\\subzero\\backend\\src\\parser\\normalizer\\stages\\04-dictionary-match.js": {"path":"C:\\Users\\Atharva Nair\\subzero\\backend\\src\\parser\\normalizer\\stages\\04-dictionary-match.js","statementMap":{"0":{"start":{"line":1,"column":18},"end":{"line":1,"column":59}},"1":{"start":{"line":3,"column":0},"end":{"line":18,"column":2}},"2":{"start":{"line":4,"column":4},"end":{"line":4,"column":53}},"3":{"start":{"line":4,"column":16},"end":{"line":4,"column":53}},"4":{"start":{"line":6,"column":4},"end":{"line":15,"column":5}},"5":{"start":{"line":7,"column":8},"end":{"line":9,"column":9}},"6":{"start":{"line":8,"column":12},"end":{"line":8,"column":84}},"7":{"start":{"line":10,"column":8},"end":{"line":14,"column":9}},"8":{"start":{"line":11,"column":12},"end":{"line":13,"column":13}},"9":{"start":{"line":12,"column":16},"end":{"line":12,"column":88}},"10":{"start":{"line":17,"column":4},"end":{"line":17,"column":37}}},"fnMap":{"0":{"name":"dictionaryMatch","decl":{"start":{"line":3,"column":26},"end":{"line":3,"column":41}},"loc":{"start":{"line":3,"column":49},"end":{"line":18,"column":1}},"line":3}},"branchMap":{"0":{"loc":{"start":{"line":4,"column":4},"end":{"line":4,"column":53}},"type":"if","locations":[{"start":{"line":4,"column":4},"end":{"line":4,"column":53}},{"start":{},"end":{}}],"line":4},"1":{"loc":{"start":{"line":7,"column":8},"end":{"line":9,"column":9}},"type":"if","locations":[{"start":{"line":7,"column":8},"end":{"line":9,"column":9}},{"start":{},"end":{}}],"line":7},"2":{"loc":{"start":{"line":11,"column":12},"end":{"line":13,"column":13}},"type":"if","locations":[{"start":{"line":11,"column":12},"end":{"line":13,"column":13}},{"start":{},"end":{}}],"line":11}},"s":{"0":0,"1":0,"2":0,"3":0,"4":0,"5":0,"6":0,"7":0,"8":0,"9":0,"10":0},"f":{"0":0},"b":{"0":[0,0],"1":[0,0],"2":[0,0]}}
,"C:\\Users\\Atharva Nair\\subzero\\backend\\src\\parser\\normalizer\\stages\\05-format.js": {"path":"C:\\Users\\Atharva Nair\\subzero\\backend\\src\\parser\\normalizer\\stages\\05-format.js","statementMap":{"0":{"start":{"line":1,"column":0},"end":{"line":25,"column":2}},"1":{"start":{"line":3,"column":4},"end":{"line":3,"column":61}},"2":{"start":{"line":3,"column":32},"end":{"line":3,"column":61}},"3":{"start":{"line":5,"column":4},"end":{"line":8,"column":5}},"4":{"start":{"line":7,"column":8},"end":{"line":7,"column":27}},"5":{"start":{"line":20,"column":24},"end":{"line":22,"column":16}},"6":{"start":{"line":21,"column":8},"end":{"line":21,"column":60}},"7":{"start":{"line":24,"column":4},"end":{"line":24,"column":25}}},"fnMap":{"0":{"name":"formatTitle","decl":{"start":{"line":1,"column":26},"end":{"line":1,"column":37}},"loc":{"start":{"line":1,"column":45},"end":{"line":25,"column":1}},"line":1},"1":{"name":"(anonymous_1)","decl":{"start":{"line":20,"column":51},"end":{"line":20,"column":52}},"loc":{"start":{"line":20,"column":59},"end":{"line":22,"column":5}},"line":20}},"branchMap":{"0":{"loc":{"start":{"line":3,"column":4},"end":{"line":3,"column":61}},"type":"if","locations":[{"start":{"line":3,"column":4},"end":{"line":3,"column":61}},{"start":{},"end":{}}],"line":3},"1":{"loc":{"start":{"line":3,"column":8},"end":{"line":3,"column":30}},"type":"binary-expr","locations":[{"start":{"line":3,"column":8},"end":{"line":3,"column":14}},{"start":{"line":3,"column":18},"end":{"line":3,"column":30}}],"line":3},"2":{"loc":{"start":{"line":5,"column":4},"end":{"line":8,"column":5}},"type":"if","locations":[{"start":{"line":5,"column":4},"end":{"line":8,"column":5}},{"start":{},"end":{}}],"line":5}},"s":{"0":0,"1":0,"2":0,"3":0,"4":0,"5":0,"6":0,"7":0},"f":{"0":0,"1":0},"b":{"0":[0,0],"1":[0,0],"2":[0,0]}}
,"C:\\Users\\Atharva Nair\\subzero\\backend\\src\\parser\\rules\\credit_sender.js": {"path":"C:\\Users\\Atharva Nair\\subzero\\backend\\src\\parser\\rules\\credit_sender.js","statementMap":{"0":{"start":{"line":5,"column":25},"end":{"line":14,"column":1}},"1":{"start":{"line":16,"column":14},"end":{"line":38,"column":1}},"2":{"start":{"line":23,"column":25},"end":{"line":23,"column":40}},"3":{"start":{"line":24,"column":24},"end":{"line":24,"column":39}},"4":{"start":{"line":27,"column":12},"end":{"line":29,"column":13}},"5":{"start":{"line":28,"column":16},"end":{"line":28,"column":28}},"6":{"start":{"line":31,"column":12},"end":{"line":35,"column":14}},"7":{"start":{"line":40,"column":18},"end":{"line":56,"column":1}},"8":{"start":{"line":58,"column":20},"end":{"line":58,"column":48}},"9":{"start":{"line":61,"column":0},"end":{"line":85,"column":3}},"10":{"start":{"line":62,"column":4},"end":{"line":84,"column":7}},"11":{"start":{"line":67,"column":23},"end":{"line":67,"column":38}},"12":{"start":{"line":68,"column":12},"end":{"line":70,"column":13}},"13":{"start":{"line":69,"column":16},"end":{"line":69,"column":48}},"14":{"start":{"line":71,"column":12},"end":{"line":71,"column":74}},"15":{"start":{"line":71,"column":62},"end":{"line":71,"column":74}},"16":{"start":{"line":73,"column":30},"end":{"line":73,"column":48}},"17":{"start":{"line":74,"column":12},"end":{"line":76,"column":13}},"18":{"start":{"line":75,"column":16},"end":{"line":75,"column":28}},"19":{"start":{"line":78,"column":12},"end":{"line":80,"column":13}},"20":{"start":{"line":79,"column":16},"end":{"line":79,"column":85}},"21":{"start":{"line":82,"column":12},"end":{"line":82,"column":81}},"22":{"start":{"line":88,"column":0},"end":{"line":97,"column":3}},"23":{"start":{"line":92,"column":25},"end":{"line":96,"column":5}},"24":{"start":{"line":100,"column":0},"end":{"line":109,"column":3}},"25":{"start":{"line":104,"column":25},"end":{"line":108,"column":5}},"26":{"start":{"line":111,"column":0},"end":{"line":111,"column":23}}},"fnMap":{"0":{"name":"(anonymous_0)","decl":{"start":{"line":22,"column":17},"end":{"line":22,"column":18}},"loc":{"start":{"line":22,"column":28},"end":{"line":36,"column":9}},"line":22},"1":{"name":"(anonymous_1)","decl":{"start":{"line":61,"column":25},"end":{"line":61,"column":26}},"loc":{"start":{"line":61,"column":33},"end":{"line":85,"column":1}},"line":61},"2":{"name":"(anonymous_2)","decl":{"start":{"line":66,"column":17},"end":{"line":66,"column":18}},"loc":{"start":{"line":66,"column":28},"end":{"line":83,"column":9}},"line":66},"3":{"name":"(anonymous_3)","decl":{"start":{"line":92,"column":13},"end":{"line":92,"column":14}},"loc":{"start":{"line":92,"column":25},"end":{"line":96,"column":5}},"line":92},"4":{"name":"(anonymous_4)","decl":{"start":{"line":104,"column":13},"end":{"line":104,"column":14}},"loc":{"start":{"line":104,"column":25},"end":{"line":108,"column":5}},"line":104}},"branchMap":{"0":{"loc":{"start":{"line":27,"column":12},"end":{"line":29,"column":13}},"type":"if","locations":[{"start":{"line":27,"column":12},"end":{"line":29,"column":13}},{"start":{},"end":{}}],"line":27},"1":{"loc":{"start":{"line":27,"column":16},"end":{"line":27,"column":71}},"type":"binary-expr","locations":[{"start":{"line":27,"column":16},"end":{"line":27,"column":32}},{"start":{"line":27,"column":36},"end":{"line":27,"column":71}}],"line":27},"2":{"loc":{"start":{"line":68,"column":12},"end":{"line":70,"column":13}},"type":"if","locations":[{"start":{"line":68,"column":12},"end":{"line":70,"column":13}},{"start":{},"end":{}}],"line":68},"3":{"loc":{"start":{"line":71,"column":12},"end":{"line":71,"column":74}},"type":"if","locations":[{"start":{"line":71,"column":12},"end":{"line":71,"column":74}},{"start":{},"end":{}}],"line":71},"4":{"loc":{"start":{"line":71,"column":16},"end":{"line":71,"column":60}},"type":"binary-expr","locations":[{"start":{"line":71,"column":16},"end":{"line":71,"column":21}},{"start":{"line":71,"column":25},"end":{"line":71,"column":40}},{"start":{"line":71,"column":44},"end":{"line":71,"column":60}}],"line":71},"5":{"loc":{"start":{"line":74,"column":12},"end":{"line":76,"column":13}},"type":"if","locations":[{"start":{"line":74,"column":12},"end":{"line":76,"column":13}},{"start":{},"end":{}}],"line":74},"6":{"loc":{"start":{"line":74,"column":16},"end":{"line":74,"column":143}},"type":"binary-expr","locations":[{"start":{"line":74,"column":16},"end":{"line":74,"column":42}},{"start":{"line":74,"column":46},"end":{"line":74,"column":77}},{"start":{"line":74,"column":81},"end":{"line":74,"column":109}},{"start":{"line":74,"column":113},"end":{"line":74,"column":143}}],"line":74},"7":{"loc":{"start":{"line":78,"column":12},"end":{"line":80,"column":13}},"type":"if","locations":[{"start":{"line":78,"column":12},"end":{"line":80,"column":13}},{"start":{},"end":{}}],"line":78}},"s":{"0":0,"1":0,"2":0,"3":0,"4":0,"5":0,"6":0,"7":0,"8":0,"9":0,"10":0,"11":0,"12":0,"13":0,"14":0,"15":0,"16":0,"17":0,"18":0,"19":0,"20":0,"21":0,"22":0,"23":0,"24":0,"25":0,"26":0},"f":{"0":0,"1":0,"2":0,"3":0,"4":0},"b":{"0":[0,0],"1":[0,0],"2":[0,0],"3":[0,0],"4":[0,0,0],"5":[0,0],"6":[0,0,0,0],"7":[0,0]}}
,"C:\\Users\\Atharva Nair\\subzero\\backend\\src\\parser\\rules\\generic.js": {"path":"C:\\Users\\Atharva Nair\\subzero\\backend\\src\\parser\\rules\\generic.js","statementMap":{"0":{"start":{"line":5,"column":14},"end":{"line":52,"column":1}},"1":{"start":{"line":12,"column":29},"end":{"line":16,"column":9}},"2":{"start":{"line":23,"column":29},"end":{"line":27,"column":9}},"3":{"start":{"line":34,"column":29},"end":{"line":38,"column":9}},"4":{"start":{"line":46,"column":29},"end":{"line":50,"column":9}},"5":{"start":{"line":54,"column":0},"end":{"line":54,"column":23}}},"fnMap":{"0":{"name":"(anonymous_0)","decl":{"start":{"line":12,"column":17},"end":{"line":12,"column":18}},"loc":{"start":{"line":12,"column":29},"end":{"line":16,"column":9}},"line":12},"1":{"name":"(anonymous_1)","decl":{"start":{"line":23,"column":17},"end":{"line":23,"column":18}},"loc":{"start":{"line":23,"column":29},"end":{"line":27,"column":9}},"line":23},"2":{"name":"(anonymous_2)","decl":{"start":{"line":34,"column":17},"end":{"line":34,"column":18}},"loc":{"start":{"line":34,"column":29},"end":{"line":38,"column":9}},"line":34},"3":{"name":"(anonymous_3)","decl":{"start":{"line":46,"column":17},"end":{"line":46,"column":18}},"loc":{"start":{"line":46,"column":29},"end":{"line":50,"column":9}},"line":46}},"branchMap":{},"s":{"0":0,"1":0,"2":0,"3":0,"4":0,"5":0},"f":{"0":0,"1":0,"2":0,"3":0},"b":{}}
,"C:\\Users\\Atharva Nair\\subzero\\backend\\src\\parser\\rules\\hdfc.js": {"path":"C:\\Users\\Atharva Nair\\subzero\\backend\\src\\parser\\rules\\hdfc.js","statementMap":{"0":{"start":{"line":5,"column":14},"end":{"line":29,"column":1}},"1":{"start":{"line":12,"column":29},"end":{"line":16,"column":9}},"2":{"start":{"line":23,"column":29},"end":{"line":27,"column":9}},"3":{"start":{"line":31,"column":0},"end":{"line":31,"column":23}}},"fnMap":{"0":{"name":"(anonymous_0)","decl":{"start":{"line":12,"column":17},"end":{"line":12,"column":18}},"loc":{"start":{"line":12,"column":29},"end":{"line":16,"column":9}},"line":12},"1":{"name":"(anonymous_1)","decl":{"start":{"line":23,"column":17},"end":{"line":23,"column":18}},"loc":{"start":{"line":23,"column":29},"end":{"line":27,"column":9}},"line":23}},"branchMap":{},"s":{"0":0,"1":0,"2":0,"3":0},"f":{"0":0,"1":0},"b":{}}
,"C:\\Users\\Atharva Nair\\subzero\\backend\\src\\parser\\rules\\index.js": {"path":"C:\\Users\\Atharva Nair\\subzero\\backend\\src\\parser\\rules\\index.js","statementMap":{"0":{"start":{"line":5,"column":18},"end":{"line":5,"column":35}},"1":{"start":{"line":6,"column":21},"end":{"line":6,"column":41}},"2":{"start":{"line":9,"column":17},"end":{"line":12,"column":1}},"3":{"start":{"line":15,"column":0},"end":{"line":15,"column":41}},"4":{"start":{"line":15,"column":24},"end":{"line":15,"column":39}},"5":{"start":{"line":17,"column":0},"end":{"line":17,"column":26}}},"fnMap":{"0":{"name":"(anonymous_0)","decl":{"start":{"line":15,"column":14},"end":{"line":15,"column":15}},"loc":{"start":{"line":15,"column":24},"end":{"line":15,"column":39}},"line":15}},"branchMap":{},"s":{"0":0,"1":0,"2":0,"3":0,"4":0,"5":0},"f":{"0":0},"b":{}}
}
